0:0:0:0:0:0:0:1 - - [16/八月/2017:19:13:35 +0800] "GET /gudagudaACG/showContent.action?title=%E5%9C%A3%E5%9C%B0%E5%B7%A1%E7%A4%BC%EF%BC%9A%E7%A7%92%E9%80%9F%E4%BA%94%E5%8E%98%E7%B1%B3%E2%80%A2%E8%A8%80%E5%8F%B6%E4%B9%8B%E5%BA%AD HTTP/1.1" 200 3589 
0:0:0:0:0:0:0:1 - - [16/八月/2017:19:13:37 +0800] "GET /gudagudaACG/styles/ShowContent.css HTTP/1.1" 304 0 
0:0:0:0:0:0:0:1 - - [16/八月/2017:19:13:37 +0800] "GET /gudagudaACG/styles/images/logo1.png HTTP/1.1" 304 0 
0:0:0:0:0:0:0:1 - - [16/八月/2017:19:13:37 +0800] "GET /gudagudaACG/styles/images/header.png HTTP/1.1" 304 0 
0:0:0:0:0:0:0:1 - - [16/八月/2017:19:13:37 +0800] "GET /gudagudaACG/styles/images/body.png HTTP/1.1" 304 0 
0:0:0:0:0:0:0:1 - - [16/八月/2017:19:13:37 +0800] "GET /gudagudaACG/styles/images/footer.png HTTP/1.1" 304 0 
0:0:0:0:0:0:0:1 - - [16/八月/2017:19:13:37 +0800] "GET /favicon.ico HTTP/1.1" 200 1150 
0:0:0:0:0:0:0:1 - - [16/八月/2017:19:14:00 +0800] "GET /gudagudaACG/index.action HTTP/1.1" 200 9743 
0:0:0:0:0:0:0:1 - - [16/八月/2017:19:14:00 +0800] "GET /gudagudaACG/styles/Index.css HTTP/1.1" 304 0 
0:0:0:0:0:0:0:1 - - [16/八月/2017:19:14:00 +0800] "GET /gudagudaACG/styles/images/logo2.png HTTP/1.1" 304 0 
0:0:0:0:0:0:0:1 - - [16/八月/2017:19:14:02 +0800] "GET /gudagudaACG/showContent.action?title=%E5%9C%A3%E5%9C%B0%E5%B7%A1%E7%A4%BC%EF%BC%9A%E7%A7%92%E9%80%9F%E4%BA%94%E5%8E%98%E7%B1%B3%E2%80%A2%E8%A8%80%E5%8F%B6%E4%B9%8B%E5%BA%AD HTTP/1.1" 200 3494 
0:0:0:0:0:0:0:1 - - [16/八月/2017:19:14:21 +0800] "GET /gudagudaACG/showContent.action?title=%E5%9C%A3%E5%9C%B0%E5%B7%A1%E7%A4%BC%EF%BC%9A%E7%A7%92%E9%80%9F%E4%BA%94%E5%8E%98%E7%B1%B3%E2%80%A2%E8%A8%80%E5%8F%B6%E4%B9%8B%E5%BA%AD HTTP/1.1" 200 3589 
0:0:0:0:0:0:0:1 - - [16/八月/2017:19:14:21 +0800] "GET /gudagudaACG/styles/ShowContent.css HTTP/1.1" 304 0 
0:0:0:0:0:0:0:1 - - [16/八月/2017:19:14:21 +0800] "GET /gudagudaACG/styles/images/logo1.png HTTP/1.1" 304 0 
0:0:0:0:0:0:0:1 - - [16/八月/2017:19:14:21 +0800] "GET /gudagudaACG/styles/images/header.png HTTP/1.1" 304 0 
0:0:0:0:0:0:0:1 - - [16/八月/2017:19:14:21 +0800] "GET /gudagudaACG/styles/images/body.png HTTP/1.1" 304 0 
0:0:0:0:0:0:0:1 - - [16/八月/2017:19:14:21 +0800] "GET /gudagudaACG/styles/images/footer.png HTTP/1.1" 304 0 
0:0:0:0:0:0:0:1 - - [16/八月/2017:19:14:21 +0800] "GET /favicon.ico HTTP/1.1" 200 1150 
0:0:0:0:0:0:0:1 - - [16/八月/2017:19:14:24 +0800] "GET /gudagudaACG/index.action HTTP/1.1" 200 9743 
0:0:0:0:0:0:0:1 - - [16/八月/2017:19:14:26 +0800] "GET /gudagudaACG/showContent.action?title=%E5%9C%A3%E5%9C%B0%E5%B7%A1%E7%A4%BC%EF%BC%9A%E7%A7%92%E9%80%9F%E4%BA%94%E5%8E%98%E7%B1%B3%E2%80%A2%E8%A8%80%E5%8F%B6%E4%B9%8B%E5%BA%AD HTTP/1.1" 200 3589 
0:0:0:0:0:0:0:1 - - [16/八月/2017:19:14:27 +0800] "GET /gudagudaACG/index.action HTTP/1.1" 200 9743 
0:0:0:0:0:0:0:1 - - [16/八月/2017:19:14:29 +0800] "GET /gudagudaACG/showContent.action?title=%E5%A6%88%E5%A6%88 HTTP/1.1" 200 10612 
0:0:0:0:0:0:0:1 - - [16/八月/2017:19:14:40 +0800] "GET /gudagudaACG/index.action HTTP/1.1" 200 9743 
0:0:0:0:0:0:0:1 - - [16/八月/2017:19:18:00 +0800] "GET /gudagudaACG/index.action HTTP/1.1" 200 9743 
0:0:0:0:0:0:0:1 - - [16/八月/2017:19:18:00 +0800] "GET /gudagudaACG/styles/Index.css HTTP/1.1" 304 0 
0:0:0:0:0:0:0:1 - - [16/八月/2017:19:18:00 +0800] "GET /gudagudaACG/js/Banner.js HTTP/1.1" 304 0 
0:0:0:0:0:0:0:1 - - [16/八月/2017:19:18:00 +0800] "GET /gudagudaACG/styles/images/banner1.jpeg HTTP/1.1" 304 0 
0:0:0:0:0:0:0:1 - - [16/八月/2017:19:18:00 +0800] "GET /gudagudaACG/styles/images/logo2.png HTTP/1.1" 304 0 
0:0:0:0:0:0:0:1 - - [16/八月/2017:19:18:00 +0800] "GET /gudagudaACG/styles/images/banner2.jpg HTTP/1.1" 304 0 
0:0:0:0:0:0:0:1 - - [16/八月/2017:19:18:00 +0800] "GET /gudagudaACG/styles/images/banner4.jpg HTTP/1.1" 304 0 
0:0:0:0:0:0:0:1 - - [16/八月/2017:19:18:00 +0800] "GET /gudagudaACG/styles/images/banner5.jpg HTTP/1.1" 304 0 
0:0:0:0:0:0:0:1 - - [16/八月/2017:19:18:00 +0800] "GET /gudagudaACG/styles/images/banner3.jpg HTTP/1.1" 304 0 
0:0:0:0:0:0:0:1 - - [16/八月/2017:19:18:00 +0800] "GET /gudagudaACG/styles/images/banner6.jpg HTTP/1.1" 304 0 
0:0:0:0:0:0:0:1 - - [16/八月/2017:19:18:00 +0800] "GET /gudagudaACG/styles/images/girl.png HTTP/1.1" 304 0 
0:0:0:0:0:0:0:1 - - [16/八月/2017:19:18:00 +0800] "GET /gudagudaACG/styles/images/header.png HTTP/1.1" 304 0 
0:0:0:0:0:0:0:1 - - [16/八月/2017:19:18:00 +0800] "GET /gudagudaACG/styles/images/footer.png HTTP/1.1" 304 0 
0:0:0:0:0:0:0:1 - - [16/八月/2017:19:18:00 +0800] "GET /gudagudaACG/styles/images/body.png HTTP/1.1" 304 0 
0:0:0:0:0:0:0:1 - - [16/八月/2017:19:18:00 +0800] "GET /favicon.ico HTTP/1.1" 200 1150 
0:0:0:0:0:0:0:1 - - [16/八月/2017:19:18:02 +0800] "GET /gudagudaACG/showContent.action?title=%E5%9C%A3%E5%9C%B0%E5%B7%A1%E7%A4%BC%EF%BC%9A%E7%A7%92%E9%80%9F%E4%BA%94%E5%8E%98%E7%B1%B3%E2%80%A2%E8%A8%80%E5%8F%B6%E4%B9%8B%E5%BA%AD HTTP/1.1" 200 3582 
0:0:0:0:0:0:0:1 - - [16/八月/2017:19:18:02 +0800] "GET /gudagudaACG/styles/images/logo1.png HTTP/1.1" 304 0 
0:0:0:0:0:0:0:1 - - [16/八月/2017:19:28:49 +0800] "GET /gudagudaACG/showContent.action?title=%E5%9C%A3%E5%9C%B0%E5%B7%A1%E7%A4%BC%EF%BC%9A%E7%A7%92%E9%80%9F%E4%BA%94%E5%8E%98%E7%B1%B3%E2%80%A2%E8%A8%80%E5%8F%B6%E4%B9%8B%E5%BA%AD HTTP/1.1" 200 3685 
0:0:0:0:0:0:0:1 - - [16/八月/2017:19:28:49 +0800] "GET /gudagudaACG/styles/ShowContent.css HTTP/1.1" 304 0 
0:0:0:0:0:0:0:1 - - [16/八月/2017:19:28:49 +0800] "GET /gudagudaACG/styles/images/logo1.png HTTP/1.1" 304 0 
0:0:0:0:0:0:0:1 - - [16/八月/2017:19:28:49 +0800] "GET /gudagudaACG/styles/images/header.png HTTP/1.1" 304 0 
0:0:0:0:0:0:0:1 - - [16/八月/2017:19:28:49 +0800] "GET /gudagudaACG/styles/images/body.png HTTP/1.1" 304 0 
0:0:0:0:0:0:0:1 - - [16/八月/2017:19:28:49 +0800] "GET /gudagudaACG/styles/images/footer.png HTTP/1.1" 304 0 
0:0:0:0:0:0:0:1 - - [16/八月/2017:19:28:49 +0800] "GET /favicon.ico HTTP/1.1" 200 1150 
0:0:0:0:0:0:0:1 - - [16/八月/2017:19:30:43 +0800] "GET /gudagudaACG/index.action HTTP/1.1" 200 9743 
0:0:0:0:0:0:0:1 - - [16/八月/2017:19:30:43 +0800] "GET /gudagudaACG/styles/Index.css HTTP/1.1" 304 0 
0:0:0:0:0:0:0:1 - - [16/八月/2017:19:30:43 +0800] "GET /gudagudaACG/styles/images/logo2.png HTTP/1.1" 304 0 
0:0:0:0:0:0:0:1 - - [16/八月/2017:19:30:47 +0800] "GET /gudagudaACG/saveContent.action HTTP/1.1" 200 3446 
0:0:0:0:0:0:0:1 - - [16/八月/2017:19:30:48 +0800] "GET /gudagudaACG/styles/SaveContent.css HTTP/1.1" 304 0 
0:0:0:0:0:0:0:1 - - [16/八月/2017:19:31:38 +0800] "POST /gudagudaACG/saveContentForm.action HTTP/1.1" 200 3775 
0:0:0:0:0:0:0:1 - - [16/八月/2017:19:31:39 +0800] "GET /gudagudaACG/index.action HTTP/1.1" 200 10495 
0:0:0:0:0:0:0:1 - - [16/八月/2017:19:31:43 +0800] "GET /gudagudaACG/showContent.action?title=%E5%9B%BE%E7%89%87 HTTP/1.1" 200 1857 
0:0:0:0:0:0:0:1 - - [16/八月/2017:19:33:53 +0800] "GET /gudagudaACG/index.action HTTP/1.1" 200 10495 
0:0:0:0:0:0:0:1 - - [16/八月/2017:19:34:41 +0800] "GET /gudagudaACG/saveContent.action HTTP/1.1" 200 3446 
0:0:0:0:0:0:0:1 - - [16/八月/2017:19:34:41 +0800] "GET /gudagudaACG/styles/images/logo1.png HTTP/1.1" 304 0 
0:0:0:0:0:0:0:1 - - [16/八月/2017:19:40:50 +0800] "GET /gudagudaACG/index.action HTTP/1.1" 200 10495 
0:0:0:0:0:0:0:1 - - [16/八月/2017:19:40:51 +0800] "GET /gudagudaACG/styles/Index.css HTTP/1.1" 304 0 
0:0:0:0:0:0:0:1 - - [16/八月/2017:19:40:51 +0800] "GET /gudagudaACG/styles/images/logo2.png HTTP/1.1" 304 0 
0:0:0:0:0:0:0:1 - - [16/八月/2017:19:42:19 +0800] "GET /gudagudaACG/index.action HTTP/1.1" 200 10495 
0:0:0:0:0:0:0:1 - - [16/八月/2017:19:42:19 +0800] "GET /gudagudaACG/js/Banner.js HTTP/1.1" 304 0 
0:0:0:0:0:0:0:1 - - [16/八月/2017:19:42:19 +0800] "GET /gudagudaACG/styles/images/logo2.png HTTP/1.1" 304 0 
0:0:0:0:0:0:0:1 - - [16/八月/2017:19:42:19 +0800] "GET /gudagudaACG/styles/images/banner1.jpeg HTTP/1.1" 304 0 
0:0:0:0:0:0:0:1 - - [16/八月/2017:19:42:19 +0800] "GET /gudagudaACG/styles/images/banner2.jpg HTTP/1.1" 304 0 
0:0:0:0:0:0:0:1 - - [16/八月/2017:19:42:19 +0800] "GET /gudagudaACG/styles/images/banner3.jpg HTTP/1.1" 304 0 
0:0:0:0:0:0:0:1 - - [16/八月/2017:19:42:19 +0800] "GET /gudagudaACG/styles/Index.css HTTP/1.1" 200 3254 
0:0:0:0:0:0:0:1 - - [16/八月/2017:19:42:19 +0800] "GET /gudagudaACG/styles/images/banner4.jpg HTTP/1.1" 304 0 
0:0:0:0:0:0:0:1 - - [16/八月/2017:19:42:19 +0800] "GET /gudagudaACG/styles/images/banner5.jpg HTTP/1.1" 304 0 
0:0:0:0:0:0:0:1 - - [16/八月/2017:19:42:19 +0800] "GET /gudagudaACG/styles/images/girl.png HTTP/1.1" 304 0 
0:0:0:0:0:0:0:1 - - [16/八月/2017:19:42:19 +0800] "GET /gudagudaACG/styles/images/banner6.jpg HTTP/1.1" 304 0 
0:0:0:0:0:0:0:1 - - [16/八月/2017:19:42:19 +0800] "GET /gudagudaACG/styles/images/header.png HTTP/1.1" 304 0 
0:0:0:0:0:0:0:1 - - [16/八月/2017:19:42:19 +0800] "GET /gudagudaACG/styles/images/body.png HTTP/1.1" 304 0 
0:0:0:0:0:0:0:1 - - [16/八月/2017:19:42:19 +0800] "GET /gudagudaACG/styles/images/newsbg.png HTTP/1.1" 200 108341 
0:0:0:0:0:0:0:1 - - [16/八月/2017:19:42:19 +0800] "GET /gudagudaACG/styles/images/footer.png HTTP/1.1" 304 0 
0:0:0:0:0:0:0:1 - - [16/八月/2017:19:42:19 +0800] "GET /favicon.ico HTTP/1.1" 200 1150 
0:0:0:0:0:0:0:1 - - [16/八月/2017:19:43:29 +0800] "GET /gudagudaACG/index.action HTTP/1.1" 200 10495 
0:0:0:0:0:0:0:1 - - [16/八月/2017:19:43:29 +0800] "GET /gudagudaACG/styles/images/logo2.png HTTP/1.1" 304 0 
0:0:0:0:0:0:0:1 - - [16/八月/2017:19:43:29 +0800] "GET /gudagudaACG/styles/Index.css HTTP/1.1" 200 3254 
0:0:0:0:0:0:0:1 - - [16/八月/2017:19:43:29 +0800] "GET /gudagudaACG/js/Banner.js HTTP/1.1" 304 0 
0:0:0:0:0:0:0:1 - - [16/八月/2017:19:43:29 +0800] "GET /gudagudaACG/styles/images/banner1.jpeg HTTP/1.1" 304 0 
0:0:0:0:0:0:0:1 - - [16/八月/2017:19:43:29 +0800] "GET /gudagudaACG/styles/images/banner4.jpg HTTP/1.1" 304 0 
0:0:0:0:0:0:0:1 - - [16/八月/2017:19:43:29 +0800] "GET /gudagudaACG/styles/images/banner2.jpg HTTP/1.1" 304 0 
0:0:0:0:0:0:0:1 - - [16/八月/2017:19:43:29 +0800] "GET /gudagudaACG/styles/images/banner3.jpg HTTP/1.1" 304 0 
0:0:0:0:0:0:0:1 - - [16/八月/2017:19:43:29 +0800] "GET /gudagudaACG/styles/images/banner6.jpg HTTP/1.1" 304 0 
0:0:0:0:0:0:0:1 - - [16/八月/2017:19:43:29 +0800] "GET /gudagudaACG/styles/images/banner5.jpg HTTP/1.1" 304 0 
0:0:0:0:0:0:0:1 - - [16/八月/2017:19:43:29 +0800] "GET /gudagudaACG/styles/images/girl.png HTTP/1.1" 304 0 
0:0:0:0:0:0:0:1 - - [16/八月/2017:19:43:29 +0800] "GET /gudagudaACG/styles/images/body.png HTTP/1.1" 304 0 
0:0:0:0:0:0:0:1 - - [16/八月/2017:19:43:29 +0800] "GET /gudagudaACG/styles/images/header.png HTTP/1.1" 304 0 
0:0:0:0:0:0:0:1 - - [16/八月/2017:19:43:29 +0800] "GET /gudagudaACG/styles/images/newsbg.png HTTP/1.1" 304 0 
0:0:0:0:0:0:0:1 - - [16/八月/2017:19:43:29 +0800] "GET /gudagudaACG/styles/images/footer.png HTTP/1.1" 304 0 
0:0:0:0:0:0:0:1 - - [16/八月/2017:19:43:29 +0800] "GET /favicon.ico HTTP/1.1" 200 1150 
0:0:0:0:0:0:0:1 - - [16/八月/2017:19:44:23 +0800] "GET /gudagudaACG/index.action HTTP/1.1" 200 10495 
0:0:0:0:0:0:0:1 - - [16/八月/2017:19:44:23 +0800] "GET /gudagudaACG/js/Banner.js HTTP/1.1" 304 0 
0:0:0:0:0:0:0:1 - - [16/八月/2017:19:44:23 +0800] "GET /gudagudaACG/styles/Index.css HTTP/1.1" 200 3255 
0:0:0:0:0:0:0:1 - - [16/八月/2017:19:44:23 +0800] "GET /gudagudaACG/styles/images/logo2.png HTTP/1.1" 304 0 
0:0:0:0:0:0:0:1 - - [16/八月/2017:19:44:23 +0800] "GET /gudagudaACG/styles/images/banner1.jpeg HTTP/1.1" 304 0 
0:0:0:0:0:0:0:1 - - [16/八月/2017:19:44:23 +0800] "GET /gudagudaACG/styles/images/banner2.jpg HTTP/1.1" 304 0 
0:0:0:0:0:0:0:1 - - [16/八月/2017:19:44:23 +0800] "GET /gudagudaACG/styles/images/banner3.jpg HTTP/1.1" 304 0 
0:0:0:0:0:0:0:1 - - [16/八月/2017:19:44:23 +0800] "GET /gudagudaACG/styles/images/banner4.jpg HTTP/1.1" 304 0 
0:0:0:0:0:0:0:1 - - [16/八月/2017:19:44:23 +0800] "GET /gudagudaACG/styles/images/banner5.jpg HTTP/1.1" 304 0 
0:0:0:0:0:0:0:1 - - [16/八月/2017:19:44:23 +0800] "GET /gudagudaACG/styles/images/banner6.jpg HTTP/1.1" 304 0 
0:0:0:0:0:0:0:1 - - [16/八月/2017:19:44:23 +0800] "GET /gudagudaACG/styles/images/girl.png HTTP/1.1" 304 0 
0:0:0:0:0:0:0:1 - - [16/八月/2017:19:44:23 +0800] "GET /gudagudaACG/styles/images/header.png HTTP/1.1" 304 0 
0:0:0:0:0:0:0:1 - - [16/八月/2017:19:44:23 +0800] "GET /gudagudaACG/styles/images/body.png HTTP/1.1" 304 0 
0:0:0:0:0:0:0:1 - - [16/八月/2017:19:44:23 +0800] "GET /gudagudaACG/styles/images/newsbg.png HTTP/1.1" 304 0 
0:0:0:0:0:0:0:1 - - [16/八月/2017:19:44:23 +0800] "GET /gudagudaACG/styles/images/footer.png HTTP/1.1" 304 0 
0:0:0:0:0:0:0:1 - - [16/八月/2017:19:44:23 +0800] "GET /favicon.ico HTTP/1.1" 200 1150 
0:0:0:0:0:0:0:1 - - [16/八月/2017:19:46:35 +0800] "GET /gudagudaACG/index.action HTTP/1.1" 200 10589 
0:0:0:0:0:0:0:1 - - [16/八月/2017:19:46:36 +0800] "GET /gudagudaACG/styles/Index.css HTTP/1.1" 304 0 
0:0:0:0:0:0:0:1 - - [16/八月/2017:19:46:36 +0800] "GET /gudagudaACG/js/Banner.js HTTP/1.1" 304 0 
0:0:0:0:0:0:0:1 - - [16/八月/2017:19:46:36 +0800] "GET /gudagudaACG/styles/images/banner1.jpeg HTTP/1.1" 304 0 
0:0:0:0:0:0:0:1 - - [16/八月/2017:19:46:36 +0800] "GET /gudagudaACG/styles/images/banner2.jpg HTTP/1.1" 304 0 
0:0:0:0:0:0:0:1 - - [16/八月/2017:19:46:36 +0800] "GET /gudagudaACG/styles/images/logo2.png HTTP/1.1" 304 0 
0:0:0:0:0:0:0:1 - - [16/八月/2017:19:46:36 +0800] "GET /gudagudaACG/styles/images/banner3.jpg HTTP/1.1" 304 0 
0:0:0:0:0:0:0:1 - - [16/八月/2017:19:46:36 +0800] "GET /gudagudaACG/styles/images/banner4.jpg HTTP/1.1" 304 0 
0:0:0:0:0:0:0:1 - - [16/八月/2017:19:46:36 +0800] "GET /gudagudaACG/styles/images/banner6.jpg HTTP/1.1" 304 0 
0:0:0:0:0:0:0:1 - - [16/八月/2017:19:46:36 +0800] "GET /gudagudaACG/styles/images/banner5.jpg HTTP/1.1" 304 0 
0:0:0:0:0:0:0:1 - - [16/八月/2017:19:46:36 +0800] "GET /gudagudaACG/styles/images/girl.png HTTP/1.1" 304 0 
0:0:0:0:0:0:0:1 - - [16/八月/2017:19:46:36 +0800] "GET /gudagudaACG/styles/images/header.png HTTP/1.1" 304 0 
0:0:0:0:0:0:0:1 - - [16/八月/2017:19:46:36 +0800] "GET /gudagudaACG/styles/images/newsbg.png HTTP/1.1" 304 0 
0:0:0:0:0:0:0:1 - - [16/八月/2017:19:46:36 +0800] "GET /gudagudaACG/styles/images/body.png HTTP/1.1" 304 0 
0:0:0:0:0:0:0:1 - - [16/八月/2017:19:46:36 +0800] "GET /gudagudaACG/styles/images/footer.png HTTP/1.1" 304 0 
0:0:0:0:0:0:0:1 - - [16/八月/2017:19:46:36 +0800] "GET /favicon.ico HTTP/1.1" 200 1150 
0:0:0:0:0:0:0:1 - - [16/八月/2017:19:47:32 +0800] "GET /gudagudaACG/index.action HTTP/1.1" 200 10635 
0:0:0:0:0:0:0:1 - - [16/八月/2017:19:47:32 +0800] "GET /gudagudaACG/styles/Index.css HTTP/1.1" 200 3208 
0:0:0:0:0:0:0:1 - - [16/八月/2017:19:47:32 +0800] "GET /gudagudaACG/js/Banner.js HTTP/1.1" 304 0 
0:0:0:0:0:0:0:1 - - [16/八月/2017:19:47:32 +0800] "GET /gudagudaACG/styles/images/logo2.png HTTP/1.1" 304 0 
0:0:0:0:0:0:0:1 - - [16/八月/2017:19:47:32 +0800] "GET /gudagudaACG/styles/images/banner1.jpeg HTTP/1.1" 304 0 
0:0:0:0:0:0:0:1 - - [16/八月/2017:19:47:32 +0800] "GET /gudagudaACG/styles/images/banner3.jpg HTTP/1.1" 304 0 
0:0:0:0:0:0:0:1 - - [16/八月/2017:19:47:32 +0800] "GET /gudagudaACG/styles/images/banner5.jpg HTTP/1.1" 304 0 
0:0:0:0:0:0:0:1 - - [16/八月/2017:19:47:32 +0800] "GET /gudagudaACG/styles/images/banner2.jpg HTTP/1.1" 304 0 
0:0:0:0:0:0:0:1 - - [16/八月/2017:19:47:32 +0800] "GET /gudagudaACG/styles/images/banner4.jpg HTTP/1.1" 304 0 
0:0:0:0:0:0:0:1 - - [16/八月/2017:19:47:32 +0800] "GET /gudagudaACG/styles/images/banner6.jpg HTTP/1.1" 304 0 
0:0:0:0:0:0:0:1 - - [16/八月/2017:19:47:32 +0800] "GET /gudagudaACG/styles/images/girl.png HTTP/1.1" 304 0 
0:0:0:0:0:0:0:1 - - [16/八月/2017:19:47:32 +0800] "GET /gudagudaACG/styles/images/newsbg.png HTTP/1.1" 304 0 
0:0:0:0:0:0:0:1 - - [16/八月/2017:19:47:32 +0800] "GET /gudagudaACG/styles/images/header.png HTTP/1.1" 304 0 
0:0:0:0:0:0:0:1 - - [16/八月/2017:19:47:32 +0800] "GET /gudagudaACG/styles/images/body.png HTTP/1.1" 304 0 
0:0:0:0:0:0:0:1 - - [16/八月/2017:19:47:32 +0800] "GET /gudagudaACG/styles/images/footer.png HTTP/1.1" 304 0 
0:0:0:0:0:0:0:1 - - [16/八月/2017:19:47:32 +0800] "GET /favicon.ico HTTP/1.1" 200 1150 
0:0:0:0:0:0:0:1 - - [16/八月/2017:19:49:08 +0800] "GET /gudagudaACG/index.action HTTP/1.1" 200 10542 
0:0:0:0:0:0:0:1 - - [16/八月/2017:19:49:08 +0800] "GET /gudagudaACG/styles/Index.css HTTP/1.1" 304 0 
0:0:0:0:0:0:0:1 - - [16/八月/2017:19:49:08 +0800] "GET /gudagudaACG/styles/images/logo2.png HTTP/1.1" 304 0 
0:0:0:0:0:0:0:1 - - [16/八月/2017:19:49:08 +0800] "GET /gudagudaACG/js/Banner.js HTTP/1.1" 304 0 
0:0:0:0:0:0:0:1 - - [16/八月/2017:19:49:08 +0800] "GET /gudagudaACG/styles/images/banner1.jpeg HTTP/1.1" 304 0 
0:0:0:0:0:0:0:1 - - [16/八月/2017:19:49:08 +0800] "GET /gudagudaACG/styles/images/banner2.jpg HTTP/1.1" 304 0 
0:0:0:0:0:0:0:1 - - [16/八月/2017:19:49:08 +0800] "GET /gudagudaACG/styles/images/banner3.jpg HTTP/1.1" 304 0 
0:0:0:0:0:0:0:1 - - [16/八月/2017:19:49:08 +0800] "GET /gudagudaACG/styles/images/banner4.jpg HTTP/1.1" 304 0 
0:0:0:0:0:0:0:1 - - [16/八月/2017:19:49:08 +0800] "GET /gudagudaACG/styles/images/girl.png HTTP/1.1" 304 0 
0:0:0:0:0:0:0:1 - - [16/八月/2017:19:49:08 +0800] "GET /gudagudaACG/styles/images/banner5.jpg HTTP/1.1" 304 0 
0:0:0:0:0:0:0:1 - - [16/八月/2017:19:49:08 +0800] "GET /gudagudaACG/styles/images/banner6.jpg HTTP/1.1" 304 0 
0:0:0:0:0:0:0:1 - - [16/八月/2017:19:49:08 +0800] "GET /gudagudaACG/styles/images/header.png HTTP/1.1" 304 0 
0:0:0:0:0:0:0:1 - - [16/八月/2017:19:49:08 +0800] "GET /gudagudaACG/styles/images/body.png HTTP/1.1" 304 0 
0:0:0:0:0:0:0:1 - - [16/八月/2017:19:49:08 +0800] "GET /gudagudaACG/styles/images/footer.png HTTP/1.1" 304 0 
0:0:0:0:0:0:0:1 - - [16/八月/2017:19:49:08 +0800] "GET /favicon.ico HTTP/1.1" 200 1150 
0:0:0:0:0:0:0:1 - - [16/八月/2017:19:49:32 +0800] "GET /gudagudaACG/index.action HTTP/1.1" 200 10542 
0:0:0:0:0:0:0:1 - - [16/八月/2017:19:49:33 +0800] "GET /gudagudaACG/styles/Index.css HTTP/1.1" 200 3255 
0:0:0:0:0:0:0:1 - - [16/八月/2017:19:49:33 +0800] "GET /gudagudaACG/js/Banner.js HTTP/1.1" 304 0 
0:0:0:0:0:0:0:1 - - [16/八月/2017:19:49:33 +0800] "GET /gudagudaACG/styles/images/banner2.jpg HTTP/1.1" 304 0 
0:0:0:0:0:0:0:1 - - [16/八月/2017:19:49:33 +0800] "GET /gudagudaACG/styles/images/banner1.jpeg HTTP/1.1" 304 0 
0:0:0:0:0:0:0:1 - - [16/八月/2017:19:49:33 +0800] "GET /gudagudaACG/styles/images/logo2.png HTTP/1.1" 304 0 
0:0:0:0:0:0:0:1 - - [16/八月/2017:19:49:33 +0800] "GET /gudagudaACG/styles/images/banner6.jpg HTTP/1.1" 304 0 
0:0:0:0:0:0:0:1 - - [16/八月/2017:19:49:33 +0800] "GET /gudagudaACG/styles/images/banner4.jpg HTTP/1.1" 304 0 
0:0:0:0:0:0:0:1 - - [16/八月/2017:19:49:33 +0800] "GET /gudagudaACG/styles/images/banner5.jpg HTTP/1.1" 304 0 
0:0:0:0:0:0:0:1 - - [16/八月/2017:19:49:33 +0800] "GET /gudagudaACG/styles/images/banner3.jpg HTTP/1.1" 304 0 
0:0:0:0:0:0:0:1 - - [16/八月/2017:19:49:33 +0800] "GET /gudagudaACG/styles/images/girl.png HTTP/1.1" 304 0 
0:0:0:0:0:0:0:1 - - [16/八月/2017:19:49:33 +0800] "GET /gudagudaACG/styles/images/header.png HTTP/1.1" 304 0 
0:0:0:0:0:0:0:1 - - [16/八月/2017:19:49:33 +0800] "GET /gudagudaACG/styles/images/body.png HTTP/1.1" 304 0 
0:0:0:0:0:0:0:1 - - [16/八月/2017:19:49:33 +0800] "GET /gudagudaACG/styles/images/newsbg.png HTTP/1.1" 304 0 
0:0:0:0:0:0:0:1 - - [16/八月/2017:19:49:33 +0800] "GET /gudagudaACG/styles/images/footer.png HTTP/1.1" 304 0 
0:0:0:0:0:0:0:1 - - [16/八月/2017:19:49:33 +0800] "GET /favicon.ico HTTP/1.1" 200 1150 
0:0:0:0:0:0:0:1 - - [16/八月/2017:19:52:34 +0800] "GET /gudagudaACG/index.action HTTP/1.1" 200 10542 
0:0:0:0:0:0:0:1 - - [16/八月/2017:19:52:34 +0800] "GET /gudagudaACG/styles/Index.css HTTP/1.1" 304 0 
0:0:0:0:0:0:0:1 - - [16/八月/2017:19:52:34 +0800] "GET /gudagudaACG/js/Banner.js HTTP/1.1" 304 0 
0:0:0:0:0:0:0:1 - - [16/八月/2017:19:52:34 +0800] "GET /gudagudaACG/styles/images/logo2.png HTTP/1.1" 304 0 
0:0:0:0:0:0:0:1 - - [16/八月/2017:19:52:34 +0800] "GET /gudagudaACG/styles/images/banner1.jpeg HTTP/1.1" 304 0 
0:0:0:0:0:0:0:1 - - [16/八月/2017:19:52:34 +0800] "GET /gudagudaACG/styles/images/banner4.jpg HTTP/1.1" 304 0 
0:0:0:0:0:0:0:1 - - [16/八月/2017:19:52:34 +0800] "GET /gudagudaACG/styles/images/banner3.jpg HTTP/1.1" 304 0 
0:0:0:0:0:0:0:1 - - [16/八月/2017:19:52:34 +0800] "GET /gudagudaACG/styles/images/banner5.jpg HTTP/1.1" 304 0 
0:0:0:0:0:0:0:1 - - [16/八月/2017:19:52:34 +0800] "GET /gudagudaACG/styles/images/banner6.jpg HTTP/1.1" 304 0 
0:0:0:0:0:0:0:1 - - [16/八月/2017:19:52:34 +0800] "GET /gudagudaACG/styles/images/banner2.jpg HTTP/1.1" 304 0 
0:0:0:0:0:0:0:1 - - [16/八月/2017:19:52:34 +0800] "GET /gudagudaACG/styles/images/girl.png HTTP/1.1" 304 0 
0:0:0:0:0:0:0:1 - - [16/八月/2017:19:52:34 +0800] "GET /gudagudaACG/styles/images/header.png HTTP/1.1" 304 0 
0:0:0:0:0:0:0:1 - - [16/八月/2017:19:52:34 +0800] "GET /gudagudaACG/styles/images/body.png HTTP/1.1" 304 0 
0:0:0:0:0:0:0:1 - - [16/八月/2017:19:52:34 +0800] "GET /gudagudaACG/styles/images/newsbg.png HTTP/1.1" 200 89160 
0:0:0:0:0:0:0:1 - - [16/八月/2017:19:52:34 +0800] "GET /gudagudaACG/styles/images/footer.png HTTP/1.1" 304 0 
0:0:0:0:0:0:0:1 - - [16/八月/2017:19:52:34 +0800] "GET /favicon.ico HTTP/1.1" 200 1150 
0:0:0:0:0:0:0:1 - - [16/八月/2017:19:53:09 +0800] "GET /gudagudaACG/index.action HTTP/1.1" 200 10542 
0:0:0:0:0:0:0:1 - - [16/八月/2017:19:53:09 +0800] "GET /gudagudaACG/styles/images/logo2.png HTTP/1.1" 304 0 
0:0:0:0:0:0:0:1 - - [16/八月/2017:19:53:09 +0800] "GET /gudagudaACG/styles/Index.css HTTP/1.1" 200 3254 
0:0:0:0:0:0:0:1 - - [16/八月/2017:19:53:09 +0800] "GET /gudagudaACG/js/Banner.js HTTP/1.1" 304 0 
0:0:0:0:0:0:0:1 - - [16/八月/2017:19:53:09 +0800] "GET /gudagudaACG/styles/images/banner1.jpeg HTTP/1.1" 304 0 
0:0:0:0:0:0:0:1 - - [16/八月/2017:19:53:09 +0800] "GET /gudagudaACG/styles/images/banner2.jpg HTTP/1.1" 304 0 
0:0:0:0:0:0:0:1 - - [16/八月/2017:19:53:09 +0800] "GET /gudagudaACG/styles/images/banner3.jpg HTTP/1.1" 304 0 
0:0:0:0:0:0:0:1 - - [16/八月/2017:19:53:09 +0800] "GET /gudagudaACG/styles/images/banner4.jpg HTTP/1.1" 304 0 
0:0:0:0:0:0:0:1 - - [16/八月/2017:19:53:09 +0800] "GET /gudagudaACG/styles/images/banner5.jpg HTTP/1.1" 304 0 
0:0:0:0:0:0:0:1 - - [16/八月/2017:19:53:09 +0800] "GET /gudagudaACG/styles/images/banner6.jpg HTTP/1.1" 304 0 
0:0:0:0:0:0:0:1 - - [16/八月/2017:19:53:09 +0800] "GET /gudagudaACG/styles/images/girl.png HTTP/1.1" 304 0 
0:0:0:0:0:0:0:1 - - [16/八月/2017:19:53:10 +0800] "GET /gudagudaACG/styles/images/newsbg.png HTTP/1.1" 304 0 
0:0:0:0:0:0:0:1 - - [16/八月/2017:19:53:10 +0800] "GET /gudagudaACG/styles/images/body.png HTTP/1.1" 304 0 
0:0:0:0:0:0:0:1 - - [16/八月/2017:19:53:10 +0800] "GET /gudagudaACG/styles/images/header.png HTTP/1.1" 304 0 
0:0:0:0:0:0:0:1 - - [16/八月/2017:19:53:10 +0800] "GET /gudagudaACG/styles/images/footer.png HTTP/1.1" 304 0 
0:0:0:0:0:0:0:1 - - [16/八月/2017:19:53:10 +0800] "GET /favicon.ico HTTP/1.1" 200 1150 
0:0:0:0:0:0:0:1 - - [16/八月/2017:19:53:39 +0800] "GET /gudagudaACG/index.action HTTP/1.1" 200 10542 
0:0:0:0:0:0:0:1 - - [16/八月/2017:19:53:39 +0800] "GET /gudagudaACG/styles/Index.css HTTP/1.1" 200 3254 
0:0:0:0:0:0:0:1 - - [16/八月/2017:19:53:39 +0800] "GET /gudagudaACG/styles/images/logo2.png HTTP/1.1" 304 0 
0:0:0:0:0:0:0:1 - - [16/八月/2017:19:53:39 +0800] "GET /gudagudaACG/js/Banner.js HTTP/1.1" 304 0 
0:0:0:0:0:0:0:1 - - [16/八月/2017:19:53:39 +0800] "GET /gudagudaACG/styles/images/banner1.jpeg HTTP/1.1" 304 0 
0:0:0:0:0:0:0:1 - - [16/八月/2017:19:53:39 +0800] "GET /gudagudaACG/styles/images/banner2.jpg HTTP/1.1" 304 0 
0:0:0:0:0:0:0:1 - - [16/八月/2017:19:53:39 +0800] "GET /gudagudaACG/styles/images/banner3.jpg HTTP/1.1" 304 0 
0:0:0:0:0:0:0:1 - - [16/八月/2017:19:53:39 +0800] "GET /gudagudaACG/styles/images/banner4.jpg HTTP/1.1" 304 0 
0:0:0:0:0:0:0:1 - - [16/八月/2017:19:53:39 +0800] "GET /gudagudaACG/styles/images/banner5.jpg HTTP/1.1" 304 0 
0:0:0:0:0:0:0:1 - - [16/八月/2017:19:53:39 +0800] "GET /gudagudaACG/styles/images/girl.png HTTP/1.1" 304 0 
0:0:0:0:0:0:0:1 - - [16/八月/2017:19:53:39 +0800] "GET /gudagudaACG/styles/images/banner6.jpg HTTP/1.1" 304 0 
0:0:0:0:0:0:0:1 - - [16/八月/2017:19:53:39 +0800] "GET /gudagudaACG/styles/images/newsbg.png HTTP/1.1" 304 0 
0:0:0:0:0:0:0:1 - - [16/八月/2017:19:53:39 +0800] "GET /gudagudaACG/styles/images/header.png HTTP/1.1" 304 0 
0:0:0:0:0:0:0:1 - - [16/八月/2017:19:53:39 +0800] "GET /gudagudaACG/styles/images/body.png HTTP/1.1" 304 0 
0:0:0:0:0:0:0:1 - - [16/八月/2017:19:53:39 +0800] "GET /gudagudaACG/styles/images/footer.png HTTP/1.1" 304 0 
0:0:0:0:0:0:0:1 - - [16/八月/2017:19:53:39 +0800] "GET /favicon.ico HTTP/1.1" 200 1150 
0:0:0:0:0:0:0:1 - - [16/八月/2017:19:53:53 +0800] "GET /gudagudaACG/index.action HTTP/1.1" 200 10542 
0:0:0:0:0:0:0:1 - - [16/八月/2017:19:53:53 +0800] "GET /gudagudaACG/styles/Index.css HTTP/1.1" 200 3254 
0:0:0:0:0:0:0:1 - - [16/八月/2017:19:53:53 +0800] "GET /gudagudaACG/styles/images/logo2.png HTTP/1.1" 304 0 
0:0:0:0:0:0:0:1 - - [16/八月/2017:19:53:53 +0800] "GET /gudagudaACG/js/Banner.js HTTP/1.1" 304 0 
0:0:0:0:0:0:0:1 - - [16/八月/2017:19:53:53 +0800] "GET /gudagudaACG/styles/images/banner1.jpeg HTTP/1.1" 304 0 
0:0:0:0:0:0:0:1 - - [16/八月/2017:19:53:53 +0800] "GET /gudagudaACG/styles/images/banner4.jpg HTTP/1.1" 304 0 
0:0:0:0:0:0:0:1 - - [16/八月/2017:19:53:53 +0800] "GET /gudagudaACG/styles/images/banner2.jpg HTTP/1.1" 304 0 
0:0:0:0:0:0:0:1 - - [16/八月/2017:19:53:53 +0800] "GET /gudagudaACG/styles/images/banner3.jpg HTTP/1.1" 304 0 
0:0:0:0:0:0:0:1 - - [16/八月/2017:19:53:53 +0800] "GET /gudagudaACG/styles/images/banner6.jpg HTTP/1.1" 304 0 
0:0:0:0:0:0:0:1 - - [16/八月/2017:19:53:53 +0800] "GET /gudagudaACG/styles/images/banner5.jpg HTTP/1.1" 304 0 
0:0:0:0:0:0:0:1 - - [16/八月/2017:19:53:53 +0800] "GET /gudagudaACG/styles/images/girl.png HTTP/1.1" 304 0 
0:0:0:0:0:0:0:1 - - [16/八月/2017:19:53:53 +0800] "GET /gudagudaACG/styles/images/header.png HTTP/1.1" 304 0 
0:0:0:0:0:0:0:1 - - [16/八月/2017:19:53:53 +0800] "GET /gudagudaACG/styles/images/body.png HTTP/1.1" 304 0 
0:0:0:0:0:0:0:1 - - [16/八月/2017:19:53:53 +0800] "GET /gudagudaACG/styles/images/newsbg.png HTTP/1.1" 304 0 
0:0:0:0:0:0:0:1 - - [16/八月/2017:19:53:53 +0800] "GET /gudagudaACG/styles/images/footer.png HTTP/1.1" 304 0 
0:0:0:0:0:0:0:1 - - [16/八月/2017:19:53:53 +0800] "GET /favicon.ico HTTP/1.1" 200 1150 
0:0:0:0:0:0:0:1 - - [16/八月/2017:19:56:54 +0800] "GET /gudagudaACG/index.action HTTP/1.1" 200 10604 
0:0:0:0:0:0:0:1 - - [16/八月/2017:19:56:54 +0800] "GET /gudagudaACG/styles/images/logo2.png HTTP/1.1" 304 0 
0:0:0:0:0:0:0:1 - - [16/八月/2017:19:56:54 +0800] "GET /gudagudaACG/styles/Index.css HTTP/1.1" 200 3416 
0:0:0:0:0:0:0:1 - - [16/八月/2017:19:56:55 +0800] "GET /gudagudaACG/js/Banner.js HTTP/1.1" 304 0 
0:0:0:0:0:0:0:1 - - [16/八月/2017:19:56:55 +0800] "GET /gudagudaACG/styles/images/banner1.jpeg HTTP/1.1" 304 0 
0:0:0:0:0:0:0:1 - - [16/八月/2017:19:56:55 +0800] "GET /gudagudaACG/styles/images/banner3.jpg HTTP/1.1" 304 0 
0:0:0:0:0:0:0:1 - - [16/八月/2017:19:56:55 +0800] "GET /gudagudaACG/styles/images/banner2.jpg HTTP/1.1" 304 0 
0:0:0:0:0:0:0:1 - - [16/八月/2017:19:56:55 +0800] "GET /gudagudaACG/styles/images/banner5.jpg HTTP/1.1" 304 0 
0:0:0:0:0:0:0:1 - - [16/八月/2017:19:56:55 +0800] "GET /gudagudaACG/styles/images/banner4.jpg HTTP/1.1" 304 0 
0:0:0:0:0:0:0:1 - - [16/八月/2017:19:56:55 +0800] "GET /gudagudaACG/styles/images/girl.png HTTP/1.1" 304 0 
0:0:0:0:0:0:0:1 - - [16/八月/2017:19:56:55 +0800] "GET /gudagudaACG/styles/images/banner6.jpg HTTP/1.1" 304 0 
0:0:0:0:0:0:0:1 - - [16/八月/2017:19:56:55 +0800] "GET /gudagudaACG/styles/images/body.png HTTP/1.1" 304 0 
0:0:0:0:0:0:0:1 - - [16/八月/2017:19:56:55 +0800] "GET /gudagudaACG/styles/images/header.png HTTP/1.1" 304 0 
0:0:0:0:0:0:0:1 - - [16/八月/2017:19:56:55 +0800] "GET /gudagudaACG/styles/images/newsbg.png HTTP/1.1" 304 0 
0:0:0:0:0:0:0:1 - - [16/八月/2017:19:56:55 +0800] "GET /gudagudaACG/styles/images/footer.png HTTP/1.1" 304 0 
0:0:0:0:0:0:0:1 - - [16/八月/2017:19:56:55 +0800] "GET /favicon.ico HTTP/1.1" 200 1150 
0:0:0:0:0:0:0:1 - - [16/八月/2017:20:06:55 +0800] "GET /gudagudaACG/index.action HTTP/1.1" 200 10664 
0:0:0:0:0:0:0:1 - - [16/八月/2017:20:06:55 +0800] "GET /gudagudaACG/styles/Index.css HTTP/1.1" 200 3369 
0:0:0:0:0:0:0:1 - - [16/八月/2017:20:06:55 +0800] "GET /gudagudaACG/js/Banner.js HTTP/1.1" 304 0 
0:0:0:0:0:0:0:1 - - [16/八月/2017:20:06:55 +0800] "GET /gudagudaACG/styles/images/logo2.png HTTP/1.1" 304 0 
0:0:0:0:0:0:0:1 - - [16/八月/2017:20:06:55 +0800] "GET /gudagudaACG/styles/images/banner1.jpeg HTTP/1.1" 304 0 
0:0:0:0:0:0:0:1 - - [16/八月/2017:20:06:55 +0800] "GET /gudagudaACG/styles/images/banner2.jpg HTTP/1.1" 304 0 
0:0:0:0:0:0:0:1 - - [16/八月/2017:20:06:55 +0800] "GET /gudagudaACG/styles/images/banner3.jpg HTTP/1.1" 304 0 
0:0:0:0:0:0:0:1 - - [16/八月/2017:20:06:55 +0800] "GET /gudagudaACG/styles/images/banner4.jpg HTTP/1.1" 304 0 
0:0:0:0:0:0:0:1 - - [16/八月/2017:20:06:55 +0800] "GET /gudagudaACG/styles/images/banner5.jpg HTTP/1.1" 304 0 
0:0:0:0:0:0:0:1 - - [16/八月/2017:20:06:55 +0800] "GET /gudagudaACG/styles/images/banner6.jpg HTTP/1.1" 304 0 
0:0:0:0:0:0:0:1 - - [16/八月/2017:20:06:55 +0800] "GET /gudagudaACG/styles/images/girl.png HTTP/1.1" 304 0 
0:0:0:0:0:0:0:1 - - [16/八月/2017:20:06:55 +0800] "GET /gudagudaACG/styles/images/newsbg.jpg HTTP/1.1" 404 352 
0:0:0:0:0:0:0:1 - - [16/八月/2017:20:06:55 +0800] "GET /gudagudaACG/styles/images/body.png HTTP/1.1" 304 0 
0:0:0:0:0:0:0:1 - - [16/八月/2017:20:06:55 +0800] "GET /gudagudaACG/styles/images/header.png HTTP/1.1" 304 0 
0:0:0:0:0:0:0:1 - - [16/八月/2017:20:06:55 +0800] "GET /gudagudaACG/styles/images/footer.png HTTP/1.1" 304 0 
0:0:0:0:0:0:0:1 - - [16/八月/2017:20:06:55 +0800] "GET /favicon.ico HTTP/1.1" 200 1150 
0:0:0:0:0:0:0:1 - - [16/八月/2017:20:07:15 +0800] "GET /gudagudaACG/index.action HTTP/1.1" 200 10664 
0:0:0:0:0:0:0:1 - - [16/八月/2017:20:07:15 +0800] "GET /gudagudaACG/styles/Index.css HTTP/1.1" 304 0 
0:0:0:0:0:0:0:1 - - [16/八月/2017:20:07:15 +0800] "GET /gudagudaACG/styles/images/logo2.png HTTP/1.1" 304 0 
0:0:0:0:0:0:0:1 - - [16/八月/2017:20:07:15 +0800] "GET /gudagudaACG/js/Banner.js HTTP/1.1" 304 0 
0:0:0:0:0:0:0:1 - - [16/八月/2017:20:07:15 +0800] "GET /gudagudaACG/styles/images/banner2.jpg HTTP/1.1" 304 0 
0:0:0:0:0:0:0:1 - - [16/八月/2017:20:07:15 +0800] "GET /gudagudaACG/styles/images/banner1.jpeg HTTP/1.1" 304 0 
0:0:0:0:0:0:0:1 - - [16/八月/2017:20:07:15 +0800] "GET /gudagudaACG/styles/images/banner4.jpg HTTP/1.1" 304 0 
0:0:0:0:0:0:0:1 - - [16/八月/2017:20:07:15 +0800] "GET /gudagudaACG/styles/images/banner3.jpg HTTP/1.1" 304 0 
0:0:0:0:0:0:0:1 - - [16/八月/2017:20:07:15 +0800] "GET /gudagudaACG/styles/images/banner5.jpg HTTP/1.1" 304 0 
0:0:0:0:0:0:0:1 - - [16/八月/2017:20:07:15 +0800] "GET /gudagudaACG/styles/images/banner6.jpg HTTP/1.1" 304 0 
0:0:0:0:0:0:0:1 - - [16/八月/2017:20:07:15 +0800] "GET /gudagudaACG/styles/images/newsbg.png HTTP/1.1" 200 78838 
0:0:0:0:0:0:0:1 - - [16/八月/2017:20:07:15 +0800] "GET /gudagudaACG/styles/images/girl.png HTTP/1.1" 304 0 
0:0:0:0:0:0:0:1 - - [16/八月/2017:20:07:15 +0800] "GET /gudagudaACG/styles/images/body.png HTTP/1.1" 304 0 
0:0:0:0:0:0:0:1 - - [16/八月/2017:20:07:15 +0800] "GET /gudagudaACG/styles/images/header.png HTTP/1.1" 304 0 
0:0:0:0:0:0:0:1 - - [16/八月/2017:20:07:15 +0800] "GET /gudagudaACG/styles/images/footer.png HTTP/1.1" 304 0 
0:0:0:0:0:0:0:1 - - [16/八月/2017:20:07:15 +0800] "GET /favicon.ico HTTP/1.1" 200 1150 
0:0:0:0:0:0:0:1 - - [16/八月/2017:20:07:34 +0800] "GET /gudagudaACG/index.action HTTP/1.1" 200 10663 
0:0:0:0:0:0:0:1 - - [16/八月/2017:20:07:34 +0800] "GET /gudagudaACG/js/Banner.js HTTP/1.1" 304 0 
0:0:0:0:0:0:0:1 - - [16/八月/2017:20:07:34 +0800] "GET /gudagudaACG/styles/Index.css HTTP/1.1" 200 3352 
0:0:0:0:0:0:0:1 - - [16/八月/2017:20:07:34 +0800] "GET /gudagudaACG/styles/images/banner1.jpeg HTTP/1.1" 304 0 
0:0:0:0:0:0:0:1 - - [16/八月/2017:20:07:34 +0800] "GET /gudagudaACG/styles/images/logo2.png HTTP/1.1" 304 0 
0:0:0:0:0:0:0:1 - - [16/八月/2017:20:07:34 +0800] "GET /gudagudaACG/styles/images/banner3.jpg HTTP/1.1" 304 0 
0:0:0:0:0:0:0:1 - - [16/八月/2017:20:07:34 +0800] "GET /gudagudaACG/styles/images/banner2.jpg HTTP/1.1" 304 0 
0:0:0:0:0:0:0:1 - - [16/八月/2017:20:07:34 +0800] "GET /gudagudaACG/styles/images/banner4.jpg HTTP/1.1" 304 0 
0:0:0:0:0:0:0:1 - - [16/八月/2017:20:07:34 +0800] "GET /gudagudaACG/styles/images/banner5.jpg HTTP/1.1" 304 0 
0:0:0:0:0:0:0:1 - - [16/八月/2017:20:07:34 +0800] "GET /gudagudaACG/styles/images/banner6.jpg HTTP/1.1" 304 0 
0:0:0:0:0:0:0:1 - - [16/八月/2017:20:07:34 +0800] "GET /gudagudaACG/styles/images/girl.png HTTP/1.1" 304 0 
0:0:0:0:0:0:0:1 - - [16/八月/2017:20:07:34 +0800] "GET /gudagudaACG/styles/images/newsbg.png HTTP/1.1" 304 0 
0:0:0:0:0:0:0:1 - - [16/八月/2017:20:07:34 +0800] "GET /gudagudaACG/styles/images/body.png HTTP/1.1" 304 0 
0:0:0:0:0:0:0:1 - - [16/八月/2017:20:07:34 +0800] "GET /gudagudaACG/styles/images/header.png HTTP/1.1" 304 0 
0:0:0:0:0:0:0:1 - - [16/八月/2017:20:07:34 +0800] "GET /gudagudaACG/styles/images/footer.png HTTP/1.1" 304 0 
0:0:0:0:0:0:0:1 - - [16/八月/2017:20:07:34 +0800] "GET /favicon.ico HTTP/1.1" 200 1150 
0:0:0:0:0:0:0:1 - - [16/八月/2017:20:08:00 +0800] "GET /gudagudaACG/index.action HTTP/1.1" 200 10663 
0:0:0:0:0:0:0:1 - - [16/八月/2017:20:08:00 +0800] "GET /gudagudaACG/styles/images/logo2.png HTTP/1.1" 304 0 
0:0:0:0:0:0:0:1 - - [16/八月/2017:20:08:00 +0800] "GET /gudagudaACG/styles/Index.css HTTP/1.1" 200 3353 
0:0:0:0:0:0:0:1 - - [16/八月/2017:20:08:00 +0800] "GET /gudagudaACG/js/Banner.js HTTP/1.1" 304 0 
0:0:0:0:0:0:0:1 - - [16/八月/2017:20:08:00 +0800] "GET /gudagudaACG/styles/images/banner1.jpeg HTTP/1.1" 304 0 
0:0:0:0:0:0:0:1 - - [16/八月/2017:20:08:00 +0800] "GET /gudagudaACG/styles/images/banner4.jpg HTTP/1.1" 304 0 
0:0:0:0:0:0:0:1 - - [16/八月/2017:20:08:00 +0800] "GET /gudagudaACG/styles/images/banner2.jpg HTTP/1.1" 304 0 
0:0:0:0:0:0:0:1 - - [16/八月/2017:20:08:00 +0800] "GET /gudagudaACG/styles/images/banner3.jpg HTTP/1.1" 304 0 
0:0:0:0:0:0:0:1 - - [16/八月/2017:20:08:00 +0800] "GET /gudagudaACG/styles/images/banner6.jpg HTTP/1.1" 304 0 
0:0:0:0:0:0:0:1 - - [16/八月/2017:20:08:00 +0800] "GET /gudagudaACG/styles/images/banner5.jpg HTTP/1.1" 304 0 
0:0:0:0:0:0:0:1 - - [16/八月/2017:20:08:00 +0800] "GET /gudagudaACG/styles/images/newsbg.png HTTP/1.1" 304 0 
0:0:0:0:0:0:0:1 - - [16/八月/2017:20:08:00 +0800] "GET /gudagudaACG/styles/images/girl.png HTTP/1.1" 304 0 
0:0:0:0:0:0:0:1 - - [16/八月/2017:20:08:00 +0800] "GET /gudagudaACG/styles/images/header.png HTTP/1.1" 304 0 
0:0:0:0:0:0:0:1 - - [16/八月/2017:20:08:00 +0800] "GET /gudagudaACG/styles/images/body.png HTTP/1.1" 304 0 
0:0:0:0:0:0:0:1 - - [16/八月/2017:20:08:00 +0800] "GET /gudagudaACG/styles/images/footer.png HTTP/1.1" 304 0 
0:0:0:0:0:0:0:1 - - [16/八月/2017:20:08:00 +0800] "GET /favicon.ico HTTP/1.1" 200 1150 
0:0:0:0:0:0:0:1 - - [16/八月/2017:20:08:18 +0800] "GET /gudagudaACG/index.action HTTP/1.1" 200 10663 
0:0:0:0:0:0:0:1 - - [16/八月/2017:20:08:18 +0800] "GET /gudagudaACG/styles/Index.css HTTP/1.1" 200 3352 
0:0:0:0:0:0:0:1 - - [16/八月/2017:20:08:18 +0800] "GET /gudagudaACG/styles/images/logo2.png HTTP/1.1" 304 0 
0:0:0:0:0:0:0:1 - - [16/八月/2017:20:08:18 +0800] "GET /gudagudaACG/js/Banner.js HTTP/1.1" 304 0 
0:0:0:0:0:0:0:1 - - [16/八月/2017:20:08:18 +0800] "GET /gudagudaACG/styles/images/banner1.jpeg HTTP/1.1" 304 0 
0:0:0:0:0:0:0:1 - - [16/八月/2017:20:08:18 +0800] "GET /gudagudaACG/styles/images/banner3.jpg HTTP/1.1" 304 0 
0:0:0:0:0:0:0:1 - - [16/八月/2017:20:08:18 +0800] "GET /gudagudaACG/styles/images/banner2.jpg HTTP/1.1" 304 0 
0:0:0:0:0:0:0:1 - - [16/八月/2017:20:08:18 +0800] "GET /gudagudaACG/styles/images/banner5.jpg HTTP/1.1" 304 0 
0:0:0:0:0:0:0:1 - - [16/八月/2017:20:08:18 +0800] "GET /gudagudaACG/styles/images/banner4.jpg HTTP/1.1" 304 0 
0:0:0:0:0:0:0:1 - - [16/八月/2017:20:08:18 +0800] "GET /gudagudaACG/styles/images/newsbg.png HTTP/1.1" 304 0 
0:0:0:0:0:0:0:1 - - [16/八月/2017:20:08:18 +0800] "GET /gudagudaACG/styles/images/girl.png HTTP/1.1" 304 0 
0:0:0:0:0:0:0:1 - - [16/八月/2017:20:08:18 +0800] "GET /gudagudaACG/styles/images/banner6.jpg HTTP/1.1" 304 0 
0:0:0:0:0:0:0:1 - - [16/八月/2017:20:08:18 +0800] "GET /gudagudaACG/styles/images/body.png HTTP/1.1" 304 0 
0:0:0:0:0:0:0:1 - - [16/八月/2017:20:08:18 +0800] "GET /gudagudaACG/styles/images/header.png HTTP/1.1" 304 0 
0:0:0:0:0:0:0:1 - - [16/八月/2017:20:08:18 +0800] "GET /gudagudaACG/styles/images/footer.png HTTP/1.1" 304 0 
0:0:0:0:0:0:0:1 - - [16/八月/2017:20:08:18 +0800] "GET /favicon.ico HTTP/1.1" 200 1150 
0:0:0:0:0:0:0:1 - - [16/八月/2017:20:08:20 +0800] "GET /gudagudaACG/index.action HTTP/1.1" 200 10663 
0:0:0:0:0:0:0:1 - - [16/八月/2017:20:08:20 +0800] "GET /gudagudaACG/js/Banner.js HTTP/1.1" 304 0 
0:0:0:0:0:0:0:1 - - [16/八月/2017:20:08:20 +0800] "GET /gudagudaACG/styles/Index.css HTTP/1.1" 304 0 
0:0:0:0:0:0:0:1 - - [16/八月/2017:20:08:20 +0800] "GET /gudagudaACG/styles/images/banner2.jpg HTTP/1.1" 304 0 
0:0:0:0:0:0:0:1 - - [16/八月/2017:20:08:20 +0800] "GET /gudagudaACG/styles/images/logo2.png HTTP/1.1" 304 0 
0:0:0:0:0:0:0:1 - - [16/八月/2017:20:08:20 +0800] "GET /gudagudaACG/styles/images/banner1.jpeg HTTP/1.1" 304 0 
0:0:0:0:0:0:0:1 - - [16/八月/2017:20:08:20 +0800] "GET /gudagudaACG/styles/images/girl.png HTTP/1.1" 304 0 
0:0:0:0:0:0:0:1 - - [16/八月/2017:20:08:20 +0800] "GET /gudagudaACG/styles/images/newsbg.png HTTP/1.1" 304 0 
0:0:0:0:0:0:0:1 - - [16/八月/2017:20:08:20 +0800] "GET /gudagudaACG/styles/images/banner6.jpg HTTP/1.1" 304 0 
0:0:0:0:0:0:0:1 - - [16/八月/2017:20:08:20 +0800] "GET /gudagudaACG/styles/images/banner3.jpg HTTP/1.1" 304 0 
0:0:0:0:0:0:0:1 - - [16/八月/2017:20:08:20 +0800] "GET /gudagudaACG/styles/images/banner4.jpg HTTP/1.1" 304 0 
0:0:0:0:0:0:0:1 - - [16/八月/2017:20:08:20 +0800] "GET /gudagudaACG/styles/images/banner5.jpg HTTP/1.1" 304 0 
0:0:0:0:0:0:0:1 - - [16/八月/2017:20:08:20 +0800] "GET /gudagudaACG/styles/images/body.png HTTP/1.1" 304 0 
0:0:0:0:0:0:0:1 - - [16/八月/2017:20:08:20 +0800] "GET /gudagudaACG/styles/images/header.png HTTP/1.1" 304 0 
0:0:0:0:0:0:0:1 - - [16/八月/2017:20:08:20 +0800] "GET /gudagudaACG/styles/images/footer.png HTTP/1.1" 304 0 
0:0:0:0:0:0:0:1 - - [16/八月/2017:20:08:20 +0800] "GET /favicon.ico HTTP/1.1" 200 1150 
0:0:0:0:0:0:0:1 - - [16/八月/2017:20:08:48 +0800] "GET /gudagudaACG/index.action HTTP/1.1" 200 10663 
0:0:0:0:0:0:0:1 - - [16/八月/2017:20:08:48 +0800] "GET /gudagudaACG/styles/images/logo2.png HTTP/1.1" 304 0 
0:0:0:0:0:0:0:1 - - [16/八月/2017:20:08:48 +0800] "GET /gudagudaACG/styles/Index.css HTTP/1.1" 200 3352 
0:0:0:0:0:0:0:1 - - [16/八月/2017:20:08:48 +0800] "GET /gudagudaACG/js/Banner.js HTTP/1.1" 304 0 
0:0:0:0:0:0:0:1 - - [16/八月/2017:20:08:48 +0800] "GET /gudagudaACG/styles/images/banner1.jpeg HTTP/1.1" 304 0 
0:0:0:0:0:0:0:1 - - [16/八月/2017:20:08:48 +0800] "GET /gudagudaACG/styles/images/banner2.jpg HTTP/1.1" 304 0 
0:0:0:0:0:0:0:1 - - [16/八月/2017:20:08:48 +0800] "GET /gudagudaACG/styles/images/banner4.jpg HTTP/1.1" 304 0 
0:0:0:0:0:0:0:1 - - [16/八月/2017:20:08:48 +0800] "GET /gudagudaACG/styles/images/banner6.jpg HTTP/1.1" 304 0 
0:0:0:0:0:0:0:1 - - [16/八月/2017:20:08:48 +0800] "GET /gudagudaACG/styles/images/banner3.jpg HTTP/1.1" 304 0 
0:0:0:0:0:0:0:1 - - [16/八月/2017:20:08:48 +0800] "GET /gudagudaACG/styles/images/banner5.jpg HTTP/1.1" 304 0 
0:0:0:0:0:0:0:1 - - [16/八月/2017:20:08:48 +0800] "GET /gudagudaACG/styles/images/girl.png HTTP/1.1" 304 0 
0:0:0:0:0:0:0:1 - - [16/八月/2017:20:08:48 +0800] "GET /gudagudaACG/styles/images/newsbg.png HTTP/1.1" 304 0 
0:0:0:0:0:0:0:1 - - [16/八月/2017:20:08:48 +0800] "GET /gudagudaACG/styles/images/header.png HTTP/1.1" 304 0 
0:0:0:0:0:0:0:1 - - [16/八月/2017:20:08:48 +0800] "GET /gudagudaACG/styles/images/body.png HTTP/1.1" 304 0 
0:0:0:0:0:0:0:1 - - [16/八月/2017:20:08:48 +0800] "GET /gudagudaACG/styles/images/footer.png HTTP/1.1" 304 0 
0:0:0:0:0:0:0:1 - - [16/八月/2017:20:08:48 +0800] "GET /favicon.ico HTTP/1.1" 200 1150 
0:0:0:0:0:0:0:1 - - [16/八月/2017:20:10:06 +0800] "GET /gudagudaACG/index.action HTTP/1.1" 200 10732 
0:0:0:0:0:0:0:1 - - [16/八月/2017:20:10:07 +0800] "GET /gudagudaACG/js/Banner.js HTTP/1.1" 304 0 
0:0:0:0:0:0:0:1 - - [16/八月/2017:20:10:07 +0800] "GET /gudagudaACG/styles/Index.css HTTP/1.1" 200 3500 
0:0:0:0:0:0:0:1 - - [16/八月/2017:20:10:07 +0800] "GET /gudagudaACG/styles/images/logo2.png HTTP/1.1" 304 0 
0:0:0:0:0:0:0:1 - - [16/八月/2017:20:10:07 +0800] "GET /gudagudaACG/styles/images/banner2.jpg HTTP/1.1" 304 0 
0:0:0:0:0:0:0:1 - - [16/八月/2017:20:10:07 +0800] "GET /gudagudaACG/styles/images/banner1.jpeg HTTP/1.1" 304 0 
0:0:0:0:0:0:0:1 - - [16/八月/2017:20:10:07 +0800] "GET /gudagudaACG/styles/images/banner3.jpg HTTP/1.1" 304 0 
0:0:0:0:0:0:0:1 - - [16/八月/2017:20:10:07 +0800] "GET /gudagudaACG/styles/images/banner5.jpg HTTP/1.1" 304 0 
0:0:0:0:0:0:0:1 - - [16/八月/2017:20:10:07 +0800] "GET /gudagudaACG/styles/images/girl.png HTTP/1.1" 304 0 
0:0:0:0:0:0:0:1 - - [16/八月/2017:20:10:07 +0800] "GET /gudagudaACG/styles/images/newsbg.png HTTP/1.1" 304 0 
0:0:0:0:0:0:0:1 - - [16/八月/2017:20:10:07 +0800] "GET /gudagudaACG/styles/images/banner6.jpg HTTP/1.1" 304 0 
0:0:0:0:0:0:0:1 - - [16/八月/2017:20:10:07 +0800] "GET /gudagudaACG/styles/images/banner4.jpg HTTP/1.1" 304 0 
0:0:0:0:0:0:0:1 - - [16/八月/2017:20:10:07 +0800] "GET /gudagudaACG/styles/images/body.png HTTP/1.1" 304 0 
0:0:0:0:0:0:0:1 - - [16/八月/2017:20:10:07 +0800] "GET /gudagudaACG/styles/images/header.png HTTP/1.1" 304 0 
0:0:0:0:0:0:0:1 - - [16/八月/2017:20:10:07 +0800] "GET /gudagudaACG/styles/images/footer.png HTTP/1.1" 304 0 
0:0:0:0:0:0:0:1 - - [16/八月/2017:20:10:07 +0800] "GET /favicon.ico HTTP/1.1" 200 1150 
0:0:0:0:0:0:0:1 - - [16/八月/2017:20:10:43 +0800] "GET /gudagudaACG/index.action HTTP/1.1" 200 10732 
0:0:0:0:0:0:0:1 - - [16/八月/2017:20:10:43 +0800] "GET /gudagudaACG/styles/Index.css HTTP/1.1" 200 3500 
0:0:0:0:0:0:0:1 - - [16/八月/2017:20:10:43 +0800] "GET /gudagudaACG/js/Banner.js HTTP/1.1" 304 0 
0:0:0:0:0:0:0:1 - - [16/八月/2017:20:10:43 +0800] "GET /gudagudaACG/styles/images/logo2.png HTTP/1.1" 304 0 
0:0:0:0:0:0:0:1 - - [16/八月/2017:20:10:43 +0800] "GET /gudagudaACG/styles/images/banner1.jpeg HTTP/1.1" 304 0 
0:0:0:0:0:0:0:1 - - [16/八月/2017:20:10:43 +0800] "GET /gudagudaACG/styles/images/banner2.jpg HTTP/1.1" 304 0 
0:0:0:0:0:0:0:1 - - [16/八月/2017:20:10:43 +0800] "GET /gudagudaACG/styles/images/banner3.jpg HTTP/1.1" 304 0 
0:0:0:0:0:0:0:1 - - [16/八月/2017:20:10:43 +0800] "GET /gudagudaACG/styles/images/banner4.jpg HTTP/1.1" 304 0 
0:0:0:0:0:0:0:1 - - [16/八月/2017:20:10:43 +0800] "GET /gudagudaACG/styles/images/banner6.jpg HTTP/1.1" 304 0 
0:0:0:0:0:0:0:1 - - [16/八月/2017:20:10:43 +0800] "GET /gudagudaACG/styles/images/banner5.jpg HTTP/1.1" 304 0 
0:0:0:0:0:0:0:1 - - [16/八月/2017:20:10:43 +0800] "GET /gudagudaACG/styles/images/girl.png HTTP/1.1" 304 0 
0:0:0:0:0:0:0:1 - - [16/八月/2017:20:10:43 +0800] "GET /gudagudaACG/styles/images/newsbg.png HTTP/1.1" 304 0 
0:0:0:0:0:0:0:1 - - [16/八月/2017:20:10:43 +0800] "GET /gudagudaACG/styles/images/header.png HTTP/1.1" 304 0 
0:0:0:0:0:0:0:1 - - [16/八月/2017:20:10:43 +0800] "GET /gudagudaACG/styles/images/body.png HTTP/1.1" 304 0 
0:0:0:0:0:0:0:1 - - [16/八月/2017:20:10:43 +0800] "GET /gudagudaACG/styles/images/footer.png HTTP/1.1" 304 0 
0:0:0:0:0:0:0:1 - - [16/八月/2017:20:10:43 +0800] "GET /favicon.ico HTTP/1.1" 200 1150 
0:0:0:0:0:0:0:1 - - [16/八月/2017:20:11:17 +0800] "GET /gudagudaACG/index.action HTTP/1.1" 200 10732 
0:0:0:0:0:0:0:1 - - [16/八月/2017:20:11:17 +0800] "GET /gudagudaACG/styles/images/logo2.png HTTP/1.1" 304 0 
0:0:0:0:0:0:0:1 - - [16/八月/2017:20:11:17 +0800] "GET /gudagudaACG/styles/Index.css HTTP/1.1" 200 3486 
0:0:0:0:0:0:0:1 - - [16/八月/2017:20:11:17 +0800] "GET /gudagudaACG/js/Banner.js HTTP/1.1" 304 0 
0:0:0:0:0:0:0:1 - - [16/八月/2017:20:11:17 +0800] "GET /gudagudaACG/styles/images/banner1.jpeg HTTP/1.1" 304 0 
0:0:0:0:0:0:0:1 - - [16/八月/2017:20:11:17 +0800] "GET /gudagudaACG/styles/images/banner2.jpg HTTP/1.1" 304 0 
0:0:0:0:0:0:0:1 - - [16/八月/2017:20:11:17 +0800] "GET /gudagudaACG/styles/images/banner3.jpg HTTP/1.1" 304 0 
0:0:0:0:0:0:0:1 - - [16/八月/2017:20:11:17 +0800] "GET /gudagudaACG/styles/images/banner4.jpg HTTP/1.1" 304 0 
0:0:0:0:0:0:0:1 - - [16/八月/2017:20:11:17 +0800] "GET /gudagudaACG/styles/images/banner6.jpg HTTP/1.1" 304 0 
0:0:0:0:0:0:0:1 - - [16/八月/2017:20:11:17 +0800] "GET /gudagudaACG/styles/images/newsbg.png HTTP/1.1" 304 0 
0:0:0:0:0:0:0:1 - - [16/八月/2017:20:11:17 +0800] "GET /gudagudaACG/styles/images/girl.png HTTP/1.1" 304 0 
0:0:0:0:0:0:0:1 - - [16/八月/2017:20:11:17 +0800] "GET /gudagudaACG/styles/images/banner5.jpg HTTP/1.1" 304 0 
0:0:0:0:0:0:0:1 - - [16/八月/2017:20:11:17 +0800] "GET /gudagudaACG/styles/images/header.png HTTP/1.1" 304 0 
0:0:0:0:0:0:0:1 - - [16/八月/2017:20:11:17 +0800] "GET /gudagudaACG/styles/images/body.png HTTP/1.1" 304 0 
0:0:0:0:0:0:0:1 - - [16/八月/2017:20:11:17 +0800] "GET /gudagudaACG/styles/images/footer.png HTTP/1.1" 304 0 
0:0:0:0:0:0:0:1 - - [16/八月/2017:20:11:17 +0800] "GET /favicon.ico HTTP/1.1" 200 1150 
0:0:0:0:0:0:0:1 - - [16/八月/2017:20:11:18 +0800] "GET /gudagudaACG/index.action HTTP/1.1" 200 10732 
0:0:0:0:0:0:0:1 - - [16/八月/2017:20:11:18 +0800] "GET /gudagudaACG/styles/Index.css HTTP/1.1" 304 0 
0:0:0:0:0:0:0:1 - - [16/八月/2017:20:11:18 +0800] "GET /gudagudaACG/styles/images/logo2.png HTTP/1.1" 304 0 
0:0:0:0:0:0:0:1 - - [16/八月/2017:20:11:18 +0800] "GET /gudagudaACG/js/Banner.js HTTP/1.1" 304 0 
0:0:0:0:0:0:0:1 - - [16/八月/2017:20:11:18 +0800] "GET /gudagudaACG/styles/images/banner1.jpeg HTTP/1.1" 304 0 
0:0:0:0:0:0:0:1 - - [16/八月/2017:20:11:18 +0800] "GET /gudagudaACG/styles/images/banner3.jpg HTTP/1.1" 304 0 
0:0:0:0:0:0:0:1 - - [16/八月/2017:20:11:18 +0800] "GET /gudagudaACG/styles/images/banner4.jpg HTTP/1.1" 304 0 
0:0:0:0:0:0:0:1 - - [16/八月/2017:20:11:18 +0800] "GET /gudagudaACG/styles/images/banner5.jpg HTTP/1.1" 304 0 
0:0:0:0:0:0:0:1 - - [16/八月/2017:20:11:18 +0800] "GET /gudagudaACG/styles/images/banner6.jpg HTTP/1.1" 304 0 
0:0:0:0:0:0:0:1 - - [16/八月/2017:20:11:18 +0800] "GET /gudagudaACG/styles/images/girl.png HTTP/1.1" 304 0 
0:0:0:0:0:0:0:1 - - [16/八月/2017:20:11:18 +0800] "GET /gudagudaACG/styles/images/banner2.jpg HTTP/1.1" 304 0 
0:0:0:0:0:0:0:1 - - [16/八月/2017:20:11:18 +0800] "GET /gudagudaACG/styles/images/newsbg.png HTTP/1.1" 304 0 
0:0:0:0:0:0:0:1 - - [16/八月/2017:20:11:18 +0800] "GET /gudagudaACG/styles/images/header.png HTTP/1.1" 304 0 
0:0:0:0:0:0:0:1 - - [16/八月/2017:20:11:18 +0800] "GET /gudagudaACG/styles/images/body.png HTTP/1.1" 304 0 
0:0:0:0:0:0:0:1 - - [16/八月/2017:20:11:18 +0800] "GET /gudagudaACG/styles/images/footer.png HTTP/1.1" 304 0 
0:0:0:0:0:0:0:1 - - [16/八月/2017:20:11:18 +0800] "GET /favicon.ico HTTP/1.1" 200 1150 
0:0:0:0:0:0:0:1 - - [16/八月/2017:20:11:24 +0800] "GET /gudagudaACG/index.action HTTP/1.1" 200 10732 
0:0:0:0:0:0:0:1 - - [16/八月/2017:20:11:24 +0800] "GET /gudagudaACG/styles/Index.css HTTP/1.1" 304 0 
0:0:0:0:0:0:0:1 - - [16/八月/2017:20:11:24 +0800] "GET /gudagudaACG/js/Banner.js HTTP/1.1" 304 0 
0:0:0:0:0:0:0:1 - - [16/八月/2017:20:11:24 +0800] "GET /gudagudaACG/styles/images/logo2.png HTTP/1.1" 304 0 
0:0:0:0:0:0:0:1 - - [16/八月/2017:20:11:24 +0800] "GET /gudagudaACG/styles/images/banner1.jpeg HTTP/1.1" 304 0 
0:0:0:0:0:0:0:1 - - [16/八月/2017:20:11:24 +0800] "GET /gudagudaACG/styles/images/banner3.jpg HTTP/1.1" 304 0 
0:0:0:0:0:0:0:1 - - [16/八月/2017:20:11:24 +0800] "GET /gudagudaACG/styles/images/banner4.jpg HTTP/1.1" 304 0 
0:0:0:0:0:0:0:1 - - [16/八月/2017:20:11:24 +0800] "GET /gudagudaACG/styles/images/banner5.jpg HTTP/1.1" 304 0 
0:0:0:0:0:0:0:1 - - [16/八月/2017:20:11:24 +0800] "GET /gudagudaACG/styles/images/banner6.jpg HTTP/1.1" 304 0 
0:0:0:0:0:0:0:1 - - [16/八月/2017:20:11:24 +0800] "GET /gudagudaACG/styles/images/banner2.jpg HTTP/1.1" 304 0 
0:0:0:0:0:0:0:1 - - [16/八月/2017:20:11:24 +0800] "GET /gudagudaACG/styles/images/newsbg.png HTTP/1.1" 304 0 
0:0:0:0:0:0:0:1 - - [16/八月/2017:20:11:24 +0800] "GET /gudagudaACG/styles/images/girl.png HTTP/1.1" 304 0 
0:0:0:0:0:0:0:1 - - [16/八月/2017:20:11:24 +0800] "GET /gudagudaACG/styles/images/header.png HTTP/1.1" 304 0 
0:0:0:0:0:0:0:1 - - [16/八月/2017:20:11:24 +0800] "GET /gudagudaACG/styles/images/body.png HTTP/1.1" 304 0 
0:0:0:0:0:0:0:1 - - [16/八月/2017:20:11:24 +0800] "GET /gudagudaACG/styles/images/footer.png HTTP/1.1" 304 0 
0:0:0:0:0:0:0:1 - - [16/八月/2017:20:11:24 +0800] "GET /favicon.ico HTTP/1.1" 200 1150 
0:0:0:0:0:0:0:1 - - [16/八月/2017:20:11:44 +0800] "GET /gudagudaACG/index.action HTTP/1.1" 200 10732 
0:0:0:0:0:0:0:1 - - [16/八月/2017:20:11:44 +0800] "GET /gudagudaACG/styles/Index.css HTTP/1.1" 200 3500 
0:0:0:0:0:0:0:1 - - [16/八月/2017:20:11:44 +0800] "GET /gudagudaACG/js/Banner.js HTTP/1.1" 304 0 
0:0:0:0:0:0:0:1 - - [16/八月/2017:20:11:44 +0800] "GET /gudagudaACG/styles/images/logo2.png HTTP/1.1" 304 0 
0:0:0:0:0:0:0:1 - - [16/八月/2017:20:11:44 +0800] "GET /gudagudaACG/styles/images/banner1.jpeg HTTP/1.1" 304 0 
0:0:0:0:0:0:0:1 - - [16/八月/2017:20:11:44 +0800] "GET /gudagudaACG/styles/images/banner4.jpg HTTP/1.1" 304 0 
0:0:0:0:0:0:0:1 - - [16/八月/2017:20:11:44 +0800] "GET /gudagudaACG/styles/images/banner2.jpg HTTP/1.1" 304 0 
0:0:0:0:0:0:0:1 - - [16/八月/2017:20:11:44 +0800] "GET /gudagudaACG/styles/images/banner3.jpg HTTP/1.1" 304 0 
0:0:0:0:0:0:0:1 - - [16/八月/2017:20:11:44 +0800] "GET /gudagudaACG/styles/images/banner5.jpg HTTP/1.1" 304 0 
0:0:0:0:0:0:0:1 - - [16/八月/2017:20:11:44 +0800] "GET /gudagudaACG/styles/images/banner6.jpg HTTP/1.1" 304 0 
0:0:0:0:0:0:0:1 - - [16/八月/2017:20:11:44 +0800] "GET /gudagudaACG/styles/images/girl.png HTTP/1.1" 304 0 
0:0:0:0:0:0:0:1 - - [16/八月/2017:20:11:44 +0800] "GET /gudagudaACG/styles/images/newsbg.png HTTP/1.1" 304 0 
0:0:0:0:0:0:0:1 - - [16/八月/2017:20:11:44 +0800] "GET /gudagudaACG/styles/images/header.png HTTP/1.1" 304 0 
0:0:0:0:0:0:0:1 - - [16/八月/2017:20:11:44 +0800] "GET /gudagudaACG/styles/images/body.png HTTP/1.1" 304 0 
0:0:0:0:0:0:0:1 - - [16/八月/2017:20:11:44 +0800] "GET /gudagudaACG/styles/images/footer.png HTTP/1.1" 304 0 
0:0:0:0:0:0:0:1 - - [16/八月/2017:20:11:44 +0800] "GET /favicon.ico HTTP/1.1" 200 1150 
0:0:0:0:0:0:0:1 - - [16/八月/2017:20:11:45 +0800] "GET /gudagudaACG/index.action HTTP/1.1" 200 10732 
0:0:0:0:0:0:0:1 - - [16/八月/2017:20:11:45 +0800] "GET /gudagudaACG/styles/Index.css HTTP/1.1" 304 0 
0:0:0:0:0:0:0:1 - - [16/八月/2017:20:11:45 +0800] "GET /gudagudaACG/styles/images/logo2.png HTTP/1.1" 304 0 
0:0:0:0:0:0:0:1 - - [16/八月/2017:20:11:45 +0800] "GET /gudagudaACG/js/Banner.js HTTP/1.1" 304 0 
0:0:0:0:0:0:0:1 - - [16/八月/2017:20:11:45 +0800] "GET /gudagudaACG/styles/images/banner1.jpeg HTTP/1.1" 304 0 
0:0:0:0:0:0:0:1 - - [16/八月/2017:20:11:45 +0800] "GET /gudagudaACG/styles/images/banner5.jpg HTTP/1.1" 304 0 
0:0:0:0:0:0:0:1 - - [16/八月/2017:20:11:45 +0800] "GET /gudagudaACG/styles/images/banner2.jpg HTTP/1.1" 304 0 
0:0:0:0:0:0:0:1 - - [16/八月/2017:20:11:45 +0800] "GET /gudagudaACG/styles/images/banner3.jpg HTTP/1.1" 304 0 
0:0:0:0:0:0:0:1 - - [16/八月/2017:20:11:45 +0800] "GET /gudagudaACG/styles/images/banner4.jpg HTTP/1.1" 304 0 
0:0:0:0:0:0:0:1 - - [16/八月/2017:20:11:45 +0800] "GET /gudagudaACG/styles/images/girl.png HTTP/1.1" 304 0 
0:0:0:0:0:0:0:1 - - [16/八月/2017:20:11:45 +0800] "GET /gudagudaACG/styles/images/banner6.jpg HTTP/1.1" 304 0 
0:0:0:0:0:0:0:1 - - [16/八月/2017:20:11:45 +0800] "GET /gudagudaACG/styles/images/newsbg.png HTTP/1.1" 304 0 
0:0:0:0:0:0:0:1 - - [16/八月/2017:20:11:45 +0800] "GET /gudagudaACG/styles/images/header.png HTTP/1.1" 304 0 
0:0:0:0:0:0:0:1 - - [16/八月/2017:20:11:45 +0800] "GET /gudagudaACG/styles/images/body.png HTTP/1.1" 304 0 
0:0:0:0:0:0:0:1 - - [16/八月/2017:20:11:45 +0800] "GET /gudagudaACG/styles/images/footer.png HTTP/1.1" 304 0 
0:0:0:0:0:0:0:1 - - [16/八月/2017:20:11:45 +0800] "GET /favicon.ico HTTP/1.1" 200 1150 
0:0:0:0:0:0:0:1 - - [16/八月/2017:20:12:02 +0800] "GET /gudagudaACG/index.action HTTP/1.1" 200 10732 
0:0:0:0:0:0:0:1 - - [16/八月/2017:20:12:02 +0800] "GET /gudagudaACG/styles/Index.css HTTP/1.1" 200 3486 
0:0:0:0:0:0:0:1 - - [16/八月/2017:20:12:02 +0800] "GET /gudagudaACG/styles/images/logo2.png HTTP/1.1" 304 0 
0:0:0:0:0:0:0:1 - - [16/八月/2017:20:12:02 +0800] "GET /gudagudaACG/js/Banner.js HTTP/1.1" 304 0 
0:0:0:0:0:0:0:1 - - [16/八月/2017:20:12:02 +0800] "GET /gudagudaACG/styles/images/banner1.jpeg HTTP/1.1" 304 0 
0:0:0:0:0:0:0:1 - - [16/八月/2017:20:12:02 +0800] "GET /gudagudaACG/styles/images/banner2.jpg HTTP/1.1" 304 0 
0:0:0:0:0:0:0:1 - - [16/八月/2017:20:12:02 +0800] "GET /gudagudaACG/styles/images/banner4.jpg HTTP/1.1" 304 0 
0:0:0:0:0:0:0:1 - - [16/八月/2017:20:12:02 +0800] "GET /gudagudaACG/styles/images/banner5.jpg HTTP/1.1" 304 0 
0:0:0:0:0:0:0:1 - - [16/八月/2017:20:12:02 +0800] "GET /gudagudaACG/styles/images/girl.png HTTP/1.1" 304 0 
0:0:0:0:0:0:0:1 - - [16/八月/2017:20:12:02 +0800] "GET /gudagudaACG/styles/images/newsbg.png HTTP/1.1" 304 0 
0:0:0:0:0:0:0:1 - - [16/八月/2017:20:12:02 +0800] "GET /gudagudaACG/styles/images/banner3.jpg HTTP/1.1" 304 0 
0:0:0:0:0:0:0:1 - - [16/八月/2017:20:12:02 +0800] "GET /gudagudaACG/styles/images/banner6.jpg HTTP/1.1" 304 0 
0:0:0:0:0:0:0:1 - - [16/八月/2017:20:12:02 +0800] "GET /gudagudaACG/styles/images/body.png HTTP/1.1" 304 0 
0:0:0:0:0:0:0:1 - - [16/八月/2017:20:12:02 +0800] "GET /gudagudaACG/styles/images/header.png HTTP/1.1" 304 0 
0:0:0:0:0:0:0:1 - - [16/八月/2017:20:12:02 +0800] "GET /gudagudaACG/styles/images/footer.png HTTP/1.1" 304 0 
0:0:0:0:0:0:0:1 - - [16/八月/2017:20:12:02 +0800] "GET /favicon.ico HTTP/1.1" 200 1150 
0:0:0:0:0:0:0:1 - - [16/八月/2017:20:12:03 +0800] "GET /gudagudaACG/index.action HTTP/1.1" 200 10732 
0:0:0:0:0:0:0:1 - - [16/八月/2017:20:12:03 +0800] "GET /gudagudaACG/styles/Index.css HTTP/1.1" 304 0 
0:0:0:0:0:0:0:1 - - [16/八月/2017:20:12:03 +0800] "GET /gudagudaACG/js/Banner.js HTTP/1.1" 304 0 
0:0:0:0:0:0:0:1 - - [16/八月/2017:20:12:03 +0800] "GET /gudagudaACG/styles/images/banner2.jpg HTTP/1.1" 304 0 
0:0:0:0:0:0:0:1 - - [16/八月/2017:20:12:03 +0800] "GET /gudagudaACG/styles/images/banner3.jpg HTTP/1.1" 304 0 
0:0:0:0:0:0:0:1 - - [16/八月/2017:20:12:03 +0800] "GET /gudagudaACG/styles/images/logo2.png HTTP/1.1" 304 0 
0:0:0:0:0:0:0:1 - - [16/八月/2017:20:12:03 +0800] "GET /gudagudaACG/styles/images/banner5.jpg HTTP/1.1" 304 0 
0:0:0:0:0:0:0:1 - - [16/八月/2017:20:12:03 +0800] "GET /gudagudaACG/styles/images/banner6.jpg HTTP/1.1" 304 0 
0:0:0:0:0:0:0:1 - - [16/八月/2017:20:12:03 +0800] "GET /gudagudaACG/styles/images/girl.png HTTP/1.1" 304 0 
0:0:0:0:0:0:0:1 - - [16/八月/2017:20:12:03 +0800] "GET /gudagudaACG/styles/images/newsbg.png HTTP/1.1" 304 0 
0:0:0:0:0:0:0:1 - - [16/八月/2017:20:12:03 +0800] "GET /gudagudaACG/styles/images/banner1.jpeg HTTP/1.1" 304 0 
0:0:0:0:0:0:0:1 - - [16/八月/2017:20:12:03 +0800] "GET /gudagudaACG/styles/images/banner4.jpg HTTP/1.1" 304 0 
0:0:0:0:0:0:0:1 - - [16/八月/2017:20:12:03 +0800] "GET /gudagudaACG/styles/images/header.png HTTP/1.1" 304 0 
0:0:0:0:0:0:0:1 - - [16/八月/2017:20:12:03 +0800] "GET /gudagudaACG/styles/images/body.png HTTP/1.1" 304 0 
0:0:0:0:0:0:0:1 - - [16/八月/2017:20:12:03 +0800] "GET /gudagudaACG/styles/images/footer.png HTTP/1.1" 304 0 
0:0:0:0:0:0:0:1 - - [16/八月/2017:20:12:03 +0800] "GET /favicon.ico HTTP/1.1" 200 1150 
0:0:0:0:0:0:0:1 - - [16/八月/2017:20:12:14 +0800] "GET /gudagudaACG/index.action HTTP/1.1" 200 10732 
0:0:0:0:0:0:0:1 - - [16/八月/2017:20:12:14 +0800] "GET /gudagudaACG/styles/Index.css HTTP/1.1" 200 3486 
0:0:0:0:0:0:0:1 - - [16/八月/2017:20:12:14 +0800] "GET /gudagudaACG/styles/images/logo2.png HTTP/1.1" 304 0 
0:0:0:0:0:0:0:1 - - [16/八月/2017:20:12:14 +0800] "GET /gudagudaACG/styles/images/banner1.jpeg HTTP/1.1" 304 0 
0:0:0:0:0:0:0:1 - - [16/八月/2017:20:12:14 +0800] "GET /gudagudaACG/styles/images/banner2.jpg HTTP/1.1" 304 0 
0:0:0:0:0:0:0:1 - - [16/八月/2017:20:12:14 +0800] "GET /gudagudaACG/js/Banner.js HTTP/1.1" 304 0 
0:0:0:0:0:0:0:1 - - [16/八月/2017:20:12:14 +0800] "GET /gudagudaACG/styles/images/banner4.jpg HTTP/1.1" 304 0 
0:0:0:0:0:0:0:1 - - [16/八月/2017:20:12:14 +0800] "GET /gudagudaACG/styles/images/girl.png HTTP/1.1" 304 0 
0:0:0:0:0:0:0:1 - - [16/八月/2017:20:12:14 +0800] "GET /gudagudaACG/styles/images/banner5.jpg HTTP/1.1" 304 0 
0:0:0:0:0:0:0:1 - - [16/八月/2017:20:12:14 +0800] "GET /gudagudaACG/styles/images/banner6.jpg HTTP/1.1" 304 0 
0:0:0:0:0:0:0:1 - - [16/八月/2017:20:12:14 +0800] "GET /gudagudaACG/styles/images/newsbg.png HTTP/1.1" 304 0 
0:0:0:0:0:0:0:1 - - [16/八月/2017:20:12:14 +0800] "GET /gudagudaACG/styles/images/banner3.jpg HTTP/1.1" 304 0 
0:0:0:0:0:0:0:1 - - [16/八月/2017:20:12:14 +0800] "GET /gudagudaACG/styles/images/header.png HTTP/1.1" 304 0 
0:0:0:0:0:0:0:1 - - [16/八月/2017:20:12:14 +0800] "GET /gudagudaACG/styles/images/body.png HTTP/1.1" 304 0 
0:0:0:0:0:0:0:1 - - [16/八月/2017:20:12:14 +0800] "GET /gudagudaACG/styles/images/footer.png HTTP/1.1" 304 0 
0:0:0:0:0:0:0:1 - - [16/八月/2017:20:12:14 +0800] "GET /favicon.ico HTTP/1.1" 200 1150 
0:0:0:0:0:0:0:1 - - [16/八月/2017:20:12:33 +0800] "GET /gudagudaACG/index.action HTTP/1.1" 200 10732 
0:0:0:0:0:0:0:1 - - [16/八月/2017:20:12:33 +0800] "GET /gudagudaACG/js/Banner.js HTTP/1.1" 304 0 
0:0:0:0:0:0:0:1 - - [16/八月/2017:20:12:33 +0800] "GET /gudagudaACG/styles/Index.css HTTP/1.1" 200 3486 
0:0:0:0:0:0:0:1 - - [16/八月/2017:20:12:33 +0800] "GET /gudagudaACG/styles/images/logo2.png HTTP/1.1" 304 0 
0:0:0:0:0:0:0:1 - - [16/八月/2017:20:12:33 +0800] "GET /gudagudaACG/styles/images/banner1.jpeg HTTP/1.1" 304 0 
0:0:0:0:0:0:0:1 - - [16/八月/2017:20:12:33 +0800] "GET /gudagudaACG/styles/images/banner2.jpg HTTP/1.1" 304 0 
0:0:0:0:0:0:0:1 - - [16/八月/2017:20:12:33 +0800] "GET /gudagudaACG/styles/images/banner3.jpg HTTP/1.1" 304 0 
0:0:0:0:0:0:0:1 - - [16/八月/2017:20:12:33 +0800] "GET /gudagudaACG/styles/images/banner4.jpg HTTP/1.1" 304 0 
0:0:0:0:0:0:0:1 - - [16/八月/2017:20:12:33 +0800] "GET /gudagudaACG/styles/images/banner5.jpg HTTP/1.1" 304 0 
0:0:0:0:0:0:0:1 - - [16/八月/2017:20:12:33 +0800] "GET /gudagudaACG/styles/images/banner6.jpg HTTP/1.1" 304 0 
0:0:0:0:0:0:0:1 - - [16/八月/2017:20:12:33 +0800] "GET /gudagudaACG/styles/images/newsbg.png HTTP/1.1" 304 0 
0:0:0:0:0:0:0:1 - - [16/八月/2017:20:12:33 +0800] "GET /gudagudaACG/styles/images/girl.png HTTP/1.1" 304 0 
0:0:0:0:0:0:0:1 - - [16/八月/2017:20:12:33 +0800] "GET /gudagudaACG/styles/images/header.png HTTP/1.1" 304 0 
0:0:0:0:0:0:0:1 - - [16/八月/2017:20:12:33 +0800] "GET /gudagudaACG/styles/images/body.png HTTP/1.1" 304 0 
0:0:0:0:0:0:0:1 - - [16/八月/2017:20:12:33 +0800] "GET /gudagudaACG/styles/images/footer.png HTTP/1.1" 304 0 
0:0:0:0:0:0:0:1 - - [16/八月/2017:20:12:33 +0800] "GET /favicon.ico HTTP/1.1" 200 1150 
0:0:0:0:0:0:0:1 - - [16/八月/2017:20:12:47 +0800] "GET /gudagudaACG/index.action HTTP/1.1" 200 10732 
0:0:0:0:0:0:0:1 - - [16/八月/2017:20:12:47 +0800] "GET /gudagudaACG/styles/Index.css HTTP/1.1" 200 3486 
0:0:0:0:0:0:0:1 - - [16/八月/2017:20:12:47 +0800] "GET /gudagudaACG/styles/images/logo2.png HTTP/1.1" 304 0 
0:0:0:0:0:0:0:1 - - [16/八月/2017:20:12:47 +0800] "GET /gudagudaACG/js/Banner.js HTTP/1.1" 304 0 
0:0:0:0:0:0:0:1 - - [16/八月/2017:20:12:47 +0800] "GET /gudagudaACG/styles/images/banner1.jpeg HTTP/1.1" 304 0 
0:0:0:0:0:0:0:1 - - [16/八月/2017:20:12:47 +0800] "GET /gudagudaACG/styles/images/banner3.jpg HTTP/1.1" 304 0 
0:0:0:0:0:0:0:1 - - [16/八月/2017:20:12:47 +0800] "GET /gudagudaACG/styles/images/banner4.jpg HTTP/1.1" 304 0 
0:0:0:0:0:0:0:1 - - [16/八月/2017:20:12:47 +0800] "GET /gudagudaACG/styles/images/banner2.jpg HTTP/1.1" 304 0 
0:0:0:0:0:0:0:1 - - [16/八月/2017:20:12:47 +0800] "GET /gudagudaACG/styles/images/girl.png HTTP/1.1" 304 0 
0:0:0:0:0:0:0:1 - - [16/八月/2017:20:12:47 +0800] "GET /gudagudaACG/styles/images/banner6.jpg HTTP/1.1" 304 0 
0:0:0:0:0:0:0:1 - - [16/八月/2017:20:12:47 +0800] "GET /gudagudaACG/styles/images/newsbg.png HTTP/1.1" 304 0 
0:0:0:0:0:0:0:1 - - [16/八月/2017:20:12:47 +0800] "GET /gudagudaACG/styles/images/banner5.jpg HTTP/1.1" 304 0 
0:0:0:0:0:0:0:1 - - [16/八月/2017:20:12:48 +0800] "GET /gudagudaACG/styles/images/header.png HTTP/1.1" 304 0 
0:0:0:0:0:0:0:1 - - [16/八月/2017:20:12:48 +0800] "GET /gudagudaACG/styles/images/body.png HTTP/1.1" 304 0 
0:0:0:0:0:0:0:1 - - [16/八月/2017:20:12:48 +0800] "GET /gudagudaACG/styles/images/footer.png HTTP/1.1" 304 0 
0:0:0:0:0:0:0:1 - - [16/八月/2017:20:12:48 +0800] "GET /favicon.ico HTTP/1.1" 200 1150 
0:0:0:0:0:0:0:1 - - [16/八月/2017:20:13:03 +0800] "GET /gudagudaACG/index.action HTTP/1.1" 200 10732 
0:0:0:0:0:0:0:1 - - [16/八月/2017:20:13:03 +0800] "GET /gudagudaACG/styles/images/logo2.png HTTP/1.1" 304 0 
0:0:0:0:0:0:0:1 - - [16/八月/2017:20:13:03 +0800] "GET /gudagudaACG/styles/Index.css HTTP/1.1" 200 3485 
0:0:0:0:0:0:0:1 - - [16/八月/2017:20:13:03 +0800] "GET /gudagudaACG/js/Banner.js HTTP/1.1" 304 0 
0:0:0:0:0:0:0:1 - - [16/八月/2017:20:13:03 +0800] "GET /gudagudaACG/styles/images/banner1.jpeg HTTP/1.1" 304 0 
0:0:0:0:0:0:0:1 - - [16/八月/2017:20:13:03 +0800] "GET /gudagudaACG/styles/images/banner6.jpg HTTP/1.1" 304 0 
0:0:0:0:0:0:0:1 - - [16/八月/2017:20:13:03 +0800] "GET /gudagudaACG/styles/images/banner5.jpg HTTP/1.1" 304 0 
0:0:0:0:0:0:0:1 - - [16/八月/2017:20:13:03 +0800] "GET /gudagudaACG/styles/images/banner4.jpg HTTP/1.1" 304 0 
0:0:0:0:0:0:0:1 - - [16/八月/2017:20:13:03 +0800] "GET /gudagudaACG/styles/images/banner3.jpg HTTP/1.1" 304 0 
0:0:0:0:0:0:0:1 - - [16/八月/2017:20:13:03 +0800] "GET /gudagudaACG/styles/images/banner2.jpg HTTP/1.1" 304 0 
0:0:0:0:0:0:0:1 - - [16/八月/2017:20:13:03 +0800] "GET /gudagudaACG/styles/images/girl.png HTTP/1.1" 304 0 
0:0:0:0:0:0:0:1 - - [16/八月/2017:20:13:03 +0800] "GET /gudagudaACG/styles/images/newsbg.png HTTP/1.1" 304 0 
0:0:0:0:0:0:0:1 - - [16/八月/2017:20:13:03 +0800] "GET /gudagudaACG/styles/images/header.png HTTP/1.1" 304 0 
0:0:0:0:0:0:0:1 - - [16/八月/2017:20:13:03 +0800] "GET /gudagudaACG/styles/images/body.png HTTP/1.1" 304 0 
0:0:0:0:0:0:0:1 - - [16/八月/2017:20:13:03 +0800] "GET /gudagudaACG/styles/images/footer.png HTTP/1.1" 304 0 
0:0:0:0:0:0:0:1 - - [16/八月/2017:20:13:03 +0800] "GET /favicon.ico HTTP/1.1" 200 1150 
0:0:0:0:0:0:0:1 - - [16/八月/2017:20:13:10 +0800] "GET /gudagudaACG/index.action HTTP/1.1" 200 10732 
0:0:0:0:0:0:0:1 - - [16/八月/2017:20:13:10 +0800] "GET /gudagudaACG/styles/Index.css HTTP/1.1" 200 3486 
0:0:0:0:0:0:0:1 - - [16/八月/2017:20:13:10 +0800] "GET /gudagudaACG/js/Banner.js HTTP/1.1" 304 0 
0:0:0:0:0:0:0:1 - - [16/八月/2017:20:13:10 +0800] "GET /gudagudaACG/styles/images/logo2.png HTTP/1.1" 304 0 
0:0:0:0:0:0:0:1 - - [16/八月/2017:20:13:10 +0800] "GET /gudagudaACG/styles/images/banner1.jpeg HTTP/1.1" 304 0 
0:0:0:0:0:0:0:1 - - [16/八月/2017:20:13:10 +0800] "GET /gudagudaACG/styles/images/banner4.jpg HTTP/1.1" 304 0 
0:0:0:0:0:0:0:1 - - [16/八月/2017:20:13:10 +0800] "GET /gudagudaACG/styles/images/banner3.jpg HTTP/1.1" 304 0 
0:0:0:0:0:0:0:1 - - [16/八月/2017:20:13:10 +0800] "GET /gudagudaACG/styles/images/banner6.jpg HTTP/1.1" 304 0 
0:0:0:0:0:0:0:1 - - [16/八月/2017:20:13:10 +0800] "GET /gudagudaACG/styles/images/banner2.jpg HTTP/1.1" 304 0 
0:0:0:0:0:0:0:1 - - [16/八月/2017:20:13:10 +0800] "GET /gudagudaACG/styles/images/banner5.jpg HTTP/1.1" 304 0 
0:0:0:0:0:0:0:1 - - [16/八月/2017:20:13:10 +0800] "GET /gudagudaACG/styles/images/girl.png HTTP/1.1" 304 0 
0:0:0:0:0:0:0:1 - - [16/八月/2017:20:13:10 +0800] "GET /gudagudaACG/styles/images/newsbg.png HTTP/1.1" 304 0 
0:0:0:0:0:0:0:1 - - [16/八月/2017:20:13:11 +0800] "GET /gudagudaACG/styles/images/header.png HTTP/1.1" 304 0 
0:0:0:0:0:0:0:1 - - [16/八月/2017:20:13:11 +0800] "GET /gudagudaACG/styles/images/body.png HTTP/1.1" 304 0 
0:0:0:0:0:0:0:1 - - [16/八月/2017:20:13:11 +0800] "GET /gudagudaACG/styles/images/footer.png HTTP/1.1" 304 0 
0:0:0:0:0:0:0:1 - - [16/八月/2017:20:13:11 +0800] "GET /favicon.ico HTTP/1.1" 200 1150 
0:0:0:0:0:0:0:1 - - [16/八月/2017:20:13:12 +0800] "GET /gudagudaACG/index.action HTTP/1.1" 200 10732 
0:0:0:0:0:0:0:1 - - [16/八月/2017:20:13:12 +0800] "GET /gudagudaACG/styles/Index.css HTTP/1.1" 304 0 
0:0:0:0:0:0:0:1 - - [16/八月/2017:20:13:12 +0800] "GET /gudagudaACG/styles/images/logo2.png HTTP/1.1" 304 0 
0:0:0:0:0:0:0:1 - - [16/八月/2017:20:13:12 +0800] "GET /gudagudaACG/js/Banner.js HTTP/1.1" 304 0 
0:0:0:0:0:0:0:1 - - [16/八月/2017:20:13:12 +0800] "GET /gudagudaACG/styles/images/banner1.jpeg HTTP/1.1" 304 0 
0:0:0:0:0:0:0:1 - - [16/八月/2017:20:13:12 +0800] "GET /gudagudaACG/styles/images/banner5.jpg HTTP/1.1" 304 0 
0:0:0:0:0:0:0:1 - - [16/八月/2017:20:13:12 +0800] "GET /gudagudaACG/styles/images/banner2.jpg HTTP/1.1" 304 0 
0:0:0:0:0:0:0:1 - - [16/八月/2017:20:13:12 +0800] "GET /gudagudaACG/styles/images/banner3.jpg HTTP/1.1" 304 0 
0:0:0:0:0:0:0:1 - - [16/八月/2017:20:13:12 +0800] "GET /gudagudaACG/styles/images/banner4.jpg HTTP/1.1" 304 0 
0:0:0:0:0:0:0:1 - - [16/八月/2017:20:13:12 +0800] "GET /gudagudaACG/styles/images/banner6.jpg HTTP/1.1" 304 0 
0:0:0:0:0:0:0:1 - - [16/八月/2017:20:13:12 +0800] "GET /gudagudaACG/styles/images/girl.png HTTP/1.1" 304 0 
0:0:0:0:0:0:0:1 - - [16/八月/2017:20:13:12 +0800] "GET /gudagudaACG/styles/images/newsbg.png HTTP/1.1" 304 0 
0:0:0:0:0:0:0:1 - - [16/八月/2017:20:13:12 +0800] "GET /gudagudaACG/styles/images/header.png HTTP/1.1" 304 0 
0:0:0:0:0:0:0:1 - - [16/八月/2017:20:13:12 +0800] "GET /gudagudaACG/styles/images/body.png HTTP/1.1" 304 0 
0:0:0:0:0:0:0:1 - - [16/八月/2017:20:13:12 +0800] "GET /gudagudaACG/styles/images/footer.png HTTP/1.1" 304 0 
0:0:0:0:0:0:0:1 - - [16/八月/2017:20:13:12 +0800] "GET /favicon.ico HTTP/1.1" 200 1150 
0:0:0:0:0:0:0:1 - - [16/八月/2017:20:13:34 +0800] "GET /gudagudaACG/index.action HTTP/1.1" 200 10732 
0:0:0:0:0:0:0:1 - - [16/八月/2017:20:13:34 +0800] "GET /gudagudaACG/styles/Index.css HTTP/1.1" 304 0 
0:0:0:0:0:0:0:1 - - [16/八月/2017:20:13:34 +0800] "GET /gudagudaACG/js/Banner.js HTTP/1.1" 304 0 
0:0:0:0:0:0:0:1 - - [16/八月/2017:20:13:34 +0800] "GET /gudagudaACG/styles/images/logo2.png HTTP/1.1" 304 0 
0:0:0:0:0:0:0:1 - - [16/八月/2017:20:13:34 +0800] "GET /gudagudaACG/styles/images/banner1.jpeg HTTP/1.1" 304 0 
0:0:0:0:0:0:0:1 - - [16/八月/2017:20:13:34 +0800] "GET /gudagudaACG/styles/images/banner4.jpg HTTP/1.1" 304 0 
0:0:0:0:0:0:0:1 - - [16/八月/2017:20:13:34 +0800] "GET /gudagudaACG/styles/images/banner2.jpg HTTP/1.1" 304 0 
0:0:0:0:0:0:0:1 - - [16/八月/2017:20:13:34 +0800] "GET /gudagudaACG/styles/images/banner5.jpg HTTP/1.1" 304 0 
0:0:0:0:0:0:0:1 - - [16/八月/2017:20:13:34 +0800] "GET /gudagudaACG/styles/images/banner6.jpg HTTP/1.1" 304 0 
0:0:0:0:0:0:0:1 - - [16/八月/2017:20:13:34 +0800] "GET /gudagudaACG/styles/images/girl.png HTTP/1.1" 304 0 
0:0:0:0:0:0:0:1 - - [16/八月/2017:20:13:34 +0800] "GET /gudagudaACG/styles/images/banner3.jpg HTTP/1.1" 304 0 
0:0:0:0:0:0:0:1 - - [16/八月/2017:20:13:34 +0800] "GET /gudagudaACG/styles/images/newsbg.png HTTP/1.1" 304 0 
0:0:0:0:0:0:0:1 - - [16/八月/2017:20:13:34 +0800] "GET /gudagudaACG/styles/images/header.png HTTP/1.1" 304 0 
0:0:0:0:0:0:0:1 - - [16/八月/2017:20:13:34 +0800] "GET /gudagudaACG/styles/images/body.png HTTP/1.1" 304 0 
0:0:0:0:0:0:0:1 - - [16/八月/2017:20:13:34 +0800] "GET /gudagudaACG/styles/images/footer.png HTTP/1.1" 304 0 
0:0:0:0:0:0:0:1 - - [16/八月/2017:20:13:34 +0800] "GET /favicon.ico HTTP/1.1" 200 1150 
0:0:0:0:0:0:0:1 - - [16/八月/2017:20:13:35 +0800] "GET /gudagudaACG/index.action HTTP/1.1" 200 10732 
0:0:0:0:0:0:0:1 - - [16/八月/2017:20:13:35 +0800] "GET /gudagudaACG/styles/Index.css HTTP/1.1" 304 0 
0:0:0:0:0:0:0:1 - - [16/八月/2017:20:13:35 +0800] "GET /gudagudaACG/js/Banner.js HTTP/1.1" 304 0 
0:0:0:0:0:0:0:1 - - [16/八月/2017:20:13:35 +0800] "GET /gudagudaACG/styles/images/logo2.png HTTP/1.1" 304 0 
0:0:0:0:0:0:0:1 - - [16/八月/2017:20:13:35 +0800] "GET /gudagudaACG/styles/images/banner3.jpg HTTP/1.1" 304 0 
0:0:0:0:0:0:0:1 - - [16/八月/2017:20:13:35 +0800] "GET /gudagudaACG/styles/images/banner2.jpg HTTP/1.1" 304 0 
0:0:0:0:0:0:0:1 - - [16/八月/2017:20:13:35 +0800] "GET /gudagudaACG/styles/images/banner1.jpeg HTTP/1.1" 304 0 
0:0:0:0:0:0:0:1 - - [16/八月/2017:20:13:35 +0800] "GET /gudagudaACG/styles/images/banner4.jpg HTTP/1.1" 304 0 
0:0:0:0:0:0:0:1 - - [16/八月/2017:20:13:35 +0800] "GET /gudagudaACG/styles/images/banner6.jpg HTTP/1.1" 304 0 
0:0:0:0:0:0:0:1 - - [16/八月/2017:20:13:35 +0800] "GET /gudagudaACG/styles/images/girl.png HTTP/1.1" 304 0 
0:0:0:0:0:0:0:1 - - [16/八月/2017:20:13:35 +0800] "GET /gudagudaACG/styles/images/newsbg.png HTTP/1.1" 304 0 
0:0:0:0:0:0:0:1 - - [16/八月/2017:20:13:35 +0800] "GET /gudagudaACG/styles/images/banner5.jpg HTTP/1.1" 304 0 
0:0:0:0:0:0:0:1 - - [16/八月/2017:20:13:35 +0800] "GET /gudagudaACG/styles/images/header.png HTTP/1.1" 304 0 
0:0:0:0:0:0:0:1 - - [16/八月/2017:20:13:35 +0800] "GET /gudagudaACG/styles/images/body.png HTTP/1.1" 304 0 
0:0:0:0:0:0:0:1 - - [16/八月/2017:20:13:35 +0800] "GET /gudagudaACG/styles/images/footer.png HTTP/1.1" 304 0 
0:0:0:0:0:0:0:1 - - [16/八月/2017:20:13:35 +0800] "GET /favicon.ico HTTP/1.1" 200 1150 
0:0:0:0:0:0:0:1 - - [16/八月/2017:20:14:16 +0800] "GET /gudagudaACG/index.action HTTP/1.1" 200 10738 
0:0:0:0:0:0:0:1 - - [16/八月/2017:20:14:16 +0800] "GET /gudagudaACG/styles/Index.css HTTP/1.1" 304 0 
0:0:0:0:0:0:0:1 - - [16/八月/2017:20:14:16 +0800] "GET /gudagudaACG/js/Banner.js HTTP/1.1" 304 0 
0:0:0:0:0:0:0:1 - - [16/八月/2017:20:14:16 +0800] "GET /gudagudaACG/styles/images/logo2.png HTTP/1.1" 304 0 
0:0:0:0:0:0:0:1 - - [16/八月/2017:20:14:16 +0800] "GET /gudagudaACG/styles/images/banner1.jpeg HTTP/1.1" 304 0 
0:0:0:0:0:0:0:1 - - [16/八月/2017:20:14:16 +0800] "GET /gudagudaACG/styles/images/banner5.jpg HTTP/1.1" 304 0 
0:0:0:0:0:0:0:1 - - [16/八月/2017:20:14:16 +0800] "GET /gudagudaACG/styles/images/banner3.jpg HTTP/1.1" 304 0 
0:0:0:0:0:0:0:1 - - [16/八月/2017:20:14:16 +0800] "GET /gudagudaACG/styles/images/banner2.jpg HTTP/1.1" 304 0 
0:0:0:0:0:0:0:1 - - [16/八月/2017:20:14:16 +0800] "GET /gudagudaACG/styles/images/banner4.jpg HTTP/1.1" 304 0 
0:0:0:0:0:0:0:1 - - [16/八月/2017:20:14:16 +0800] "GET /gudagudaACG/styles/images/newsbg.png HTTP/1.1" 304 0 
0:0:0:0:0:0:0:1 - - [16/八月/2017:20:14:16 +0800] "GET /gudagudaACG/styles/images/banner6.jpg HTTP/1.1" 304 0 
0:0:0:0:0:0:0:1 - - [16/八月/2017:20:14:16 +0800] "GET /gudagudaACG/styles/images/girl.png HTTP/1.1" 304 0 
0:0:0:0:0:0:0:1 - - [16/八月/2017:20:14:16 +0800] "GET /gudagudaACG/styles/images/header.png HTTP/1.1" 304 0 
0:0:0:0:0:0:0:1 - - [16/八月/2017:20:14:16 +0800] "GET /gudagudaACG/styles/images/body.png HTTP/1.1" 304 0 
0:0:0:0:0:0:0:1 - - [16/八月/2017:20:14:16 +0800] "GET /gudagudaACG/styles/images/footer.png HTTP/1.1" 304 0 
0:0:0:0:0:0:0:1 - - [16/八月/2017:20:14:16 +0800] "GET /favicon.ico HTTP/1.1" 200 1150 
0:0:0:0:0:0:0:1 - - [16/八月/2017:20:14:43 +0800] "GET /gudagudaACG/index.action HTTP/1.1" 200 10738 
0:0:0:0:0:0:0:1 - - [16/八月/2017:20:14:44 +0800] "GET /gudagudaACG/js/Banner.js HTTP/1.1" 304 0 
0:0:0:0:0:0:0:1 - - [16/八月/2017:20:14:44 +0800] "GET /gudagudaACG/styles/images/logo2.png HTTP/1.1" 304 0 
0:0:0:0:0:0:0:1 - - [16/八月/2017:20:14:44 +0800] "GET /gudagudaACG/styles/Index.css HTTP/1.1" 200 3484 
0:0:0:0:0:0:0:1 - - [16/八月/2017:20:14:44 +0800] "GET /gudagudaACG/styles/images/banner1.jpeg HTTP/1.1" 304 0 
0:0:0:0:0:0:0:1 - - [16/八月/2017:20:14:44 +0800] "GET /gudagudaACG/styles/images/banner2.jpg HTTP/1.1" 304 0 
0:0:0:0:0:0:0:1 - - [16/八月/2017:20:14:44 +0800] "GET /gudagudaACG/styles/images/banner3.jpg HTTP/1.1" 304 0 
0:0:0:0:0:0:0:1 - - [16/八月/2017:20:14:44 +0800] "GET /gudagudaACG/styles/images/banner5.jpg HTTP/1.1" 304 0 
0:0:0:0:0:0:0:1 - - [16/八月/2017:20:14:44 +0800] "GET /gudagudaACG/styles/images/banner4.jpg HTTP/1.1" 304 0 
0:0:0:0:0:0:0:1 - - [16/八月/2017:20:14:44 +0800] "GET /gudagudaACG/styles/images/banner6.jpg HTTP/1.1" 304 0 
0:0:0:0:0:0:0:1 - - [16/八月/2017:20:14:44 +0800] "GET /gudagudaACG/styles/images/girl.png HTTP/1.1" 304 0 
0:0:0:0:0:0:0:1 - - [16/八月/2017:20:14:44 +0800] "GET /gudagudaACG/styles/images/newsbg.png HTTP/1.1" 304 0 
0:0:0:0:0:0:0:1 - - [16/八月/2017:20:14:44 +0800] "GET /gudagudaACG/styles/images/header.png HTTP/1.1" 304 0 
0:0:0:0:0:0:0:1 - - [16/八月/2017:20:14:44 +0800] "GET /gudagudaACG/styles/images/body.png HTTP/1.1" 304 0 
0:0:0:0:0:0:0:1 - - [16/八月/2017:20:14:44 +0800] "GET /gudagudaACG/styles/images/footer.png HTTP/1.1" 304 0 
0:0:0:0:0:0:0:1 - - [16/八月/2017:20:14:44 +0800] "GET /favicon.ico HTTP/1.1" 200 1150 
0:0:0:0:0:0:0:1 - - [16/八月/2017:20:15:05 +0800] "GET /gudagudaACG/index.action HTTP/1.1" 200 10738 
0:0:0:0:0:0:0:1 - - [16/八月/2017:20:15:05 +0800] "GET /gudagudaACG/js/Banner.js HTTP/1.1" 304 0 
0:0:0:0:0:0:0:1 - - [16/八月/2017:20:15:05 +0800] "GET /gudagudaACG/styles/Index.css HTTP/1.1" 304 0 
0:0:0:0:0:0:0:1 - - [16/八月/2017:20:15:05 +0800] "GET /gudagudaACG/styles/images/logo2.png HTTP/1.1" 304 0 
0:0:0:0:0:0:0:1 - - [16/八月/2017:20:15:05 +0800] "GET /gudagudaACG/styles/images/banner1.jpeg HTTP/1.1" 304 0 
0:0:0:0:0:0:0:1 - - [16/八月/2017:20:15:05 +0800] "GET /gudagudaACG/styles/images/banner3.jpg HTTP/1.1" 304 0 
0:0:0:0:0:0:0:1 - - [16/八月/2017:20:15:05 +0800] "GET /gudagudaACG/styles/images/banner2.jpg HTTP/1.1" 304 0 
0:0:0:0:0:0:0:1 - - [16/八月/2017:20:15:05 +0800] "GET /gudagudaACG/styles/images/banner6.jpg HTTP/1.1" 304 0 
0:0:0:0:0:0:0:1 - - [16/八月/2017:20:15:05 +0800] "GET /gudagudaACG/styles/images/banner5.jpg HTTP/1.1" 304 0 
0:0:0:0:0:0:0:1 - - [16/八月/2017:20:15:05 +0800] "GET /gudagudaACG/styles/images/banner4.jpg HTTP/1.1" 304 0 
0:0:0:0:0:0:0:1 - - [16/八月/2017:20:15:05 +0800] "GET /gudagudaACG/styles/images/newsbg.png HTTP/1.1" 304 0 
0:0:0:0:0:0:0:1 - - [16/八月/2017:20:15:05 +0800] "GET /gudagudaACG/styles/images/girl.png HTTP/1.1" 304 0 
0:0:0:0:0:0:0:1 - - [16/八月/2017:20:15:05 +0800] "GET /gudagudaACG/styles/images/header.png HTTP/1.1" 304 0 
0:0:0:0:0:0:0:1 - - [16/八月/2017:20:15:05 +0800] "GET /gudagudaACG/styles/images/body.png HTTP/1.1" 304 0 
0:0:0:0:0:0:0:1 - - [16/八月/2017:20:15:05 +0800] "GET /gudagudaACG/styles/images/footer.png HTTP/1.1" 304 0 
0:0:0:0:0:0:0:1 - - [16/八月/2017:20:15:05 +0800] "GET /favicon.ico HTTP/1.1" 200 1150 
0:0:0:0:0:0:0:1 - - [16/八月/2017:20:15:58 +0800] "GET /gudagudaACG/index.action HTTP/1.1" 200 10733 
0:0:0:0:0:0:0:1 - - [16/八月/2017:20:15:58 +0800] "GET /gudagudaACG/styles/images/logo2.png HTTP/1.1" 304 0 
0:0:0:0:0:0:0:1 - - [16/八月/2017:20:15:58 +0800] "GET /gudagudaACG/styles/Index.css HTTP/1.1" 200 3484 
0:0:0:0:0:0:0:1 - - [16/八月/2017:20:15:58 +0800] "GET /gudagudaACG/js/Banner.js HTTP/1.1" 304 0 
0:0:0:0:0:0:0:1 - - [16/八月/2017:20:15:58 +0800] "GET /gudagudaACG/styles/images/banner1.jpeg HTTP/1.1" 304 0 
0:0:0:0:0:0:0:1 - - [16/八月/2017:20:15:58 +0800] "GET /gudagudaACG/styles/images/banner4.jpg HTTP/1.1" 304 0 
0:0:0:0:0:0:0:1 - - [16/八月/2017:20:15:58 +0800] "GET /gudagudaACG/styles/images/girl.png HTTP/1.1" 304 0 
0:0:0:0:0:0:0:1 - - [16/八月/2017:20:15:58 +0800] "GET /gudagudaACG/styles/images/banner2.jpg HTTP/1.1" 304 0 
0:0:0:0:0:0:0:1 - - [16/八月/2017:20:15:58 +0800] "GET /gudagudaACG/styles/images/banner3.jpg HTTP/1.1" 304 0 
0:0:0:0:0:0:0:1 - - [16/八月/2017:20:15:58 +0800] "GET /gudagudaACG/styles/images/banner5.jpg HTTP/1.1" 304 0 
0:0:0:0:0:0:0:1 - - [16/八月/2017:20:15:58 +0800] "GET /gudagudaACG/styles/images/banner6.jpg HTTP/1.1" 304 0 
0:0:0:0:0:0:0:1 - - [16/八月/2017:20:15:58 +0800] "GET /gudagudaACG/styles/images/newsbg.png HTTP/1.1" 304 0 
0:0:0:0:0:0:0:1 - - [16/八月/2017:20:15:58 +0800] "GET /gudagudaACG/styles/images/header.png HTTP/1.1" 304 0 
0:0:0:0:0:0:0:1 - - [16/八月/2017:20:15:58 +0800] "GET /gudagudaACG/styles/images/body.png HTTP/1.1" 304 0 
0:0:0:0:0:0:0:1 - - [16/八月/2017:20:15:58 +0800] "GET /gudagudaACG/styles/images/footer.png HTTP/1.1" 304 0 
0:0:0:0:0:0:0:1 - - [16/八月/2017:20:15:58 +0800] "GET /favicon.ico HTTP/1.1" 200 1150 
0:0:0:0:0:0:0:1 - - [16/八月/2017:20:17:09 +0800] "GET /gudagudaACG/index.action HTTP/1.1" 200 10733 
0:0:0:0:0:0:0:1 - - [16/八月/2017:20:17:09 +0800] "GET /gudagudaACG/styles/Index.css HTTP/1.1" 200 3484 
0:0:0:0:0:0:0:1 - - [16/八月/2017:20:17:09 +0800] "GET /gudagudaACG/styles/images/logo2.png HTTP/1.1" 304 0 
0:0:0:0:0:0:0:1 - - [16/八月/2017:20:17:09 +0800] "GET /gudagudaACG/js/Banner.js HTTP/1.1" 304 0 
0:0:0:0:0:0:0:1 - - [16/八月/2017:20:17:09 +0800] "GET /gudagudaACG/styles/images/banner1.jpeg HTTP/1.1" 304 0 
0:0:0:0:0:0:0:1 - - [16/八月/2017:20:17:09 +0800] "GET /gudagudaACG/styles/images/banner2.jpg HTTP/1.1" 304 0 
0:0:0:0:0:0:0:1 - - [16/八月/2017:20:17:09 +0800] "GET /gudagudaACG/styles/images/banner3.jpg HTTP/1.1" 304 0 
0:0:0:0:0:0:0:1 - - [16/八月/2017:20:17:09 +0800] "GET /gudagudaACG/styles/images/banner4.jpg HTTP/1.1" 304 0 
0:0:0:0:0:0:0:1 - - [16/八月/2017:20:17:09 +0800] "GET /gudagudaACG/styles/images/banner5.jpg HTTP/1.1" 304 0 
0:0:0:0:0:0:0:1 - - [16/八月/2017:20:17:09 +0800] "GET /gudagudaACG/styles/images/newsbg.png HTTP/1.1" 304 0 
0:0:0:0:0:0:0:1 - - [16/八月/2017:20:17:09 +0800] "GET /gudagudaACG/styles/images/girl.png HTTP/1.1" 304 0 
0:0:0:0:0:0:0:1 - - [16/八月/2017:20:17:09 +0800] "GET /gudagudaACG/styles/images/banner6.jpg HTTP/1.1" 304 0 
0:0:0:0:0:0:0:1 - - [16/八月/2017:20:17:09 +0800] "GET /gudagudaACG/styles/images/header.png HTTP/1.1" 304 0 
0:0:0:0:0:0:0:1 - - [16/八月/2017:20:17:09 +0800] "GET /gudagudaACG/styles/images/body.png HTTP/1.1" 304 0 
0:0:0:0:0:0:0:1 - - [16/八月/2017:20:17:09 +0800] "GET /gudagudaACG/styles/images/footer.png HTTP/1.1" 304 0 
0:0:0:0:0:0:0:1 - - [16/八月/2017:20:17:09 +0800] "GET /favicon.ico HTTP/1.1" 200 1150 
0:0:0:0:0:0:0:1 - - [16/八月/2017:20:17:10 +0800] "GET /gudagudaACG/index.action HTTP/1.1" 200 10733 
0:0:0:0:0:0:0:1 - - [16/八月/2017:20:17:10 +0800] "GET /gudagudaACG/js/Banner.js HTTP/1.1" 304 0 
0:0:0:0:0:0:0:1 - - [16/八月/2017:20:17:10 +0800] "GET /gudagudaACG/styles/Index.css HTTP/1.1" 304 0 
0:0:0:0:0:0:0:1 - - [16/八月/2017:20:17:10 +0800] "GET /gudagudaACG/styles/images/logo2.png HTTP/1.1" 304 0 
0:0:0:0:0:0:0:1 - - [16/八月/2017:20:17:10 +0800] "GET /gudagudaACG/styles/images/banner3.jpg HTTP/1.1" 304 0 
0:0:0:0:0:0:0:1 - - [16/八月/2017:20:17:10 +0800] "GET /gudagudaACG/styles/images/banner1.jpeg HTTP/1.1" 304 0 
0:0:0:0:0:0:0:1 - - [16/八月/2017:20:17:10 +0800] "GET /gudagudaACG/styles/images/banner2.jpg HTTP/1.1" 304 0 
0:0:0:0:0:0:0:1 - - [16/八月/2017:20:17:10 +0800] "GET /gudagudaACG/styles/images/banner5.jpg HTTP/1.1" 304 0 
0:0:0:0:0:0:0:1 - - [16/八月/2017:20:17:10 +0800] "GET /gudagudaACG/styles/images/banner6.jpg HTTP/1.1" 304 0 
0:0:0:0:0:0:0:1 - - [16/八月/2017:20:17:10 +0800] "GET /gudagudaACG/styles/images/banner4.jpg HTTP/1.1" 304 0 
0:0:0:0:0:0:0:1 - - [16/八月/2017:20:17:10 +0800] "GET /gudagudaACG/styles/images/girl.png HTTP/1.1" 304 0 
0:0:0:0:0:0:0:1 - - [16/八月/2017:20:17:10 +0800] "GET /gudagudaACG/styles/images/newsbg.png HTTP/1.1" 304 0 
0:0:0:0:0:0:0:1 - - [16/八月/2017:20:17:10 +0800] "GET /gudagudaACG/styles/images/body.png HTTP/1.1" 304 0 
0:0:0:0:0:0:0:1 - - [16/八月/2017:20:17:10 +0800] "GET /gudagudaACG/styles/images/header.png HTTP/1.1" 304 0 
0:0:0:0:0:0:0:1 - - [16/八月/2017:20:17:10 +0800] "GET /gudagudaACG/styles/images/footer.png HTTP/1.1" 304 0 
0:0:0:0:0:0:0:1 - - [16/八月/2017:20:17:10 +0800] "GET /favicon.ico HTTP/1.1" 200 1150 
0:0:0:0:0:0:0:1 - - [16/八月/2017:20:17:21 +0800] "GET /gudagudaACG/index.action HTTP/1.1" 200 10733 
0:0:0:0:0:0:0:1 - - [16/八月/2017:20:17:21 +0800] "GET /gudagudaACG/js/Banner.js HTTP/1.1" 304 0 
0:0:0:0:0:0:0:1 - - [16/八月/2017:20:17:21 +0800] "GET /gudagudaACG/styles/Index.css HTTP/1.1" 200 3484 
0:0:0:0:0:0:0:1 - - [16/八月/2017:20:17:21 +0800] "GET /gudagudaACG/styles/images/logo2.png HTTP/1.1" 304 0 
0:0:0:0:0:0:0:1 - - [16/八月/2017:20:17:21 +0800] "GET /gudagudaACG/styles/images/banner2.jpg HTTP/1.1" 304 0 
0:0:0:0:0:0:0:1 - - [16/八月/2017:20:17:21 +0800] "GET /gudagudaACG/styles/images/banner1.jpeg HTTP/1.1" 304 0 
0:0:0:0:0:0:0:1 - - [16/八月/2017:20:17:21 +0800] "GET /gudagudaACG/styles/images/banner3.jpg HTTP/1.1" 304 0 
0:0:0:0:0:0:0:1 - - [16/八月/2017:20:17:21 +0800] "GET /gudagudaACG/styles/images/banner4.jpg HTTP/1.1" 304 0 
0:0:0:0:0:0:0:1 - - [16/八月/2017:20:17:21 +0800] "GET /gudagudaACG/styles/images/banner5.jpg HTTP/1.1" 304 0 
0:0:0:0:0:0:0:1 - - [16/八月/2017:20:17:21 +0800] "GET /gudagudaACG/styles/images/banner6.jpg HTTP/1.1" 304 0 
0:0:0:0:0:0:0:1 - - [16/八月/2017:20:17:21 +0800] "GET /gudagudaACG/styles/images/newsbg.png HTTP/1.1" 304 0 
0:0:0:0:0:0:0:1 - - [16/八月/2017:20:17:21 +0800] "GET /gudagudaACG/styles/images/girl.png HTTP/1.1" 304 0 
0:0:0:0:0:0:0:1 - - [16/八月/2017:20:17:22 +0800] "GET /gudagudaACG/styles/images/header.png HTTP/1.1" 304 0 
0:0:0:0:0:0:0:1 - - [16/八月/2017:20:17:22 +0800] "GET /gudagudaACG/styles/images/body.png HTTP/1.1" 304 0 
0:0:0:0:0:0:0:1 - - [16/八月/2017:20:17:22 +0800] "GET /gudagudaACG/styles/images/footer.png HTTP/1.1" 304 0 
0:0:0:0:0:0:0:1 - - [16/八月/2017:20:17:22 +0800] "GET /favicon.ico HTTP/1.1" 200 1150 
0:0:0:0:0:0:0:1 - - [16/八月/2017:20:17:50 +0800] "GET /gudagudaACG/index.action HTTP/1.1" 200 10733 
0:0:0:0:0:0:0:1 - - [16/八月/2017:20:17:50 +0800] "GET /gudagudaACG/js/Banner.js HTTP/1.1" 304 0 
0:0:0:0:0:0:0:1 - - [16/八月/2017:20:17:50 +0800] "GET /gudagudaACG/styles/Index.css HTTP/1.1" 200 3484 
0:0:0:0:0:0:0:1 - - [16/八月/2017:20:17:50 +0800] "GET /gudagudaACG/styles/images/logo2.png HTTP/1.1" 304 0 
0:0:0:0:0:0:0:1 - - [16/八月/2017:20:17:50 +0800] "GET /gudagudaACG/styles/images/banner1.jpeg HTTP/1.1" 304 0 
0:0:0:0:0:0:0:1 - - [16/八月/2017:20:17:50 +0800] "GET /gudagudaACG/styles/images/banner3.jpg HTTP/1.1" 304 0 
0:0:0:0:0:0:0:1 - - [16/八月/2017:20:17:50 +0800] "GET /gudagudaACG/styles/images/banner5.jpg HTTP/1.1" 304 0 
0:0:0:0:0:0:0:1 - - [16/八月/2017:20:17:50 +0800] "GET /gudagudaACG/styles/images/banner2.jpg HTTP/1.1" 304 0 
0:0:0:0:0:0:0:1 - - [16/八月/2017:20:17:50 +0800] "GET /gudagudaACG/styles/images/banner4.jpg HTTP/1.1" 304 0 
0:0:0:0:0:0:0:1 - - [16/八月/2017:20:17:50 +0800] "GET /gudagudaACG/styles/images/banner6.jpg HTTP/1.1" 304 0 
0:0:0:0:0:0:0:1 - - [16/八月/2017:20:17:50 +0800] "GET /gudagudaACG/styles/images/girl.png HTTP/1.1" 304 0 
0:0:0:0:0:0:0:1 - - [16/八月/2017:20:17:50 +0800] "GET /gudagudaACG/styles/images/newsbg.png HTTP/1.1" 304 0 
0:0:0:0:0:0:0:1 - - [16/八月/2017:20:17:50 +0800] "GET /gudagudaACG/styles/images/body.png HTTP/1.1" 304 0 
0:0:0:0:0:0:0:1 - - [16/八月/2017:20:17:50 +0800] "GET /gudagudaACG/styles/images/header.png HTTP/1.1" 304 0 
0:0:0:0:0:0:0:1 - - [16/八月/2017:20:17:50 +0800] "GET /gudagudaACG/styles/images/footer.png HTTP/1.1" 304 0 
0:0:0:0:0:0:0:1 - - [16/八月/2017:20:17:50 +0800] "GET /favicon.ico HTTP/1.1" 200 1150 
0:0:0:0:0:0:0:1 - - [16/八月/2017:20:18:01 +0800] "GET /gudagudaACG/index.action HTTP/1.1" 200 10733 
0:0:0:0:0:0:0:1 - - [16/八月/2017:20:18:01 +0800] "GET /gudagudaACG/styles/images/logo2.png HTTP/1.1" 304 0 
0:0:0:0:0:0:0:1 - - [16/八月/2017:20:18:01 +0800] "GET /gudagudaACG/styles/Index.css HTTP/1.1" 200 3484 
0:0:0:0:0:0:0:1 - - [16/八月/2017:20:18:01 +0800] "GET /gudagudaACG/js/Banner.js HTTP/1.1" 304 0 
0:0:0:0:0:0:0:1 - - [16/八月/2017:20:18:01 +0800] "GET /gudagudaACG/styles/images/banner1.jpeg HTTP/1.1" 304 0 
0:0:0:0:0:0:0:1 - - [16/八月/2017:20:18:01 +0800] "GET /gudagudaACG/styles/images/banner2.jpg HTTP/1.1" 304 0 
0:0:0:0:0:0:0:1 - - [16/八月/2017:20:18:01 +0800] "GET /gudagudaACG/styles/images/banner4.jpg HTTP/1.1" 304 0 
0:0:0:0:0:0:0:1 - - [16/八月/2017:20:18:01 +0800] "GET /gudagudaACG/styles/images/banner3.jpg HTTP/1.1" 304 0 
0:0:0:0:0:0:0:1 - - [16/八月/2017:20:18:01 +0800] "GET /gudagudaACG/styles/images/banner5.jpg HTTP/1.1" 304 0 
0:0:0:0:0:0:0:1 - - [16/八月/2017:20:18:01 +0800] "GET /gudagudaACG/styles/images/banner6.jpg HTTP/1.1" 304 0 
0:0:0:0:0:0:0:1 - - [16/八月/2017:20:18:01 +0800] "GET /gudagudaACG/styles/images/girl.png HTTP/1.1" 304 0 
0:0:0:0:0:0:0:1 - - [16/八月/2017:20:18:01 +0800] "GET /gudagudaACG/styles/images/newsbg.png HTTP/1.1" 304 0 
0:0:0:0:0:0:0:1 - - [16/八月/2017:20:18:01 +0800] "GET /gudagudaACG/styles/images/header.png HTTP/1.1" 304 0 
0:0:0:0:0:0:0:1 - - [16/八月/2017:20:18:01 +0800] "GET /gudagudaACG/styles/images/body.png HTTP/1.1" 304 0 
0:0:0:0:0:0:0:1 - - [16/八月/2017:20:18:01 +0800] "GET /gudagudaACG/styles/images/footer.png HTTP/1.1" 304 0 
0:0:0:0:0:0:0:1 - - [16/八月/2017:20:18:01 +0800] "GET /favicon.ico HTTP/1.1" 200 1150 
0:0:0:0:0:0:0:1 - - [16/八月/2017:20:18:33 +0800] "GET /gudagudaACG/index.action HTTP/1.1" 200 10738 
0:0:0:0:0:0:0:1 - - [16/八月/2017:20:18:34 +0800] "GET /gudagudaACG/styles/Index.css HTTP/1.1" 304 0 
0:0:0:0:0:0:0:1 - - [16/八月/2017:20:18:34 +0800] "GET /gudagudaACG/js/Banner.js HTTP/1.1" 304 0 
0:0:0:0:0:0:0:1 - - [16/八月/2017:20:18:34 +0800] "GET /gudagudaACG/styles/images/logo2.png HTTP/1.1" 304 0 
0:0:0:0:0:0:0:1 - - [16/八月/2017:20:18:34 +0800] "GET /gudagudaACG/styles/images/banner1.jpeg HTTP/1.1" 304 0 
0:0:0:0:0:0:0:1 - - [16/八月/2017:20:18:34 +0800] "GET /gudagudaACG/styles/images/banner2.jpg HTTP/1.1" 304 0 
0:0:0:0:0:0:0:1 - - [16/八月/2017:20:18:34 +0800] "GET /gudagudaACG/styles/images/banner3.jpg HTTP/1.1" 304 0 
0:0:0:0:0:0:0:1 - - [16/八月/2017:20:18:34 +0800] "GET /gudagudaACG/styles/images/banner4.jpg HTTP/1.1" 304 0 
0:0:0:0:0:0:0:1 - - [16/八月/2017:20:18:34 +0800] "GET /gudagudaACG/styles/images/banner5.jpg HTTP/1.1" 304 0 
0:0:0:0:0:0:0:1 - - [16/八月/2017:20:18:34 +0800] "GET /gudagudaACG/styles/images/banner6.jpg HTTP/1.1" 304 0 
0:0:0:0:0:0:0:1 - - [16/八月/2017:20:18:34 +0800] "GET /gudagudaACG/styles/images/newsbg.png HTTP/1.1" 304 0 
0:0:0:0:0:0:0:1 - - [16/八月/2017:20:18:34 +0800] "GET /gudagudaACG/styles/images/girl.png HTTP/1.1" 304 0 
0:0:0:0:0:0:0:1 - - [16/八月/2017:20:18:34 +0800] "GET /gudagudaACG/styles/images/header.png HTTP/1.1" 304 0 
0:0:0:0:0:0:0:1 - - [16/八月/2017:20:18:34 +0800] "GET /gudagudaACG/styles/images/body.png HTTP/1.1" 304 0 
0:0:0:0:0:0:0:1 - - [16/八月/2017:20:18:34 +0800] "GET /gudagudaACG/styles/images/footer.png HTTP/1.1" 304 0 
0:0:0:0:0:0:0:1 - - [16/八月/2017:20:18:34 +0800] "GET /favicon.ico HTTP/1.1" 200 1150 
0:0:0:0:0:0:0:1 - - [16/八月/2017:20:18:44 +0800] "GET /gudagudaACG/index.action HTTP/1.1" 200 10733 
0:0:0:0:0:0:0:1 - - [16/八月/2017:20:18:44 +0800] "GET /gudagudaACG/js/Banner.js HTTP/1.1" 304 0 
0:0:0:0:0:0:0:1 - - [16/八月/2017:20:18:44 +0800] "GET /gudagudaACG/styles/Index.css HTTP/1.1" 304 0 
0:0:0:0:0:0:0:1 - - [16/八月/2017:20:18:44 +0800] "GET /gudagudaACG/styles/images/logo2.png HTTP/1.1" 304 0 
0:0:0:0:0:0:0:1 - - [16/八月/2017:20:18:44 +0800] "GET /gudagudaACG/styles/images/banner1.jpeg HTTP/1.1" 304 0 
0:0:0:0:0:0:0:1 - - [16/八月/2017:20:18:44 +0800] "GET /gudagudaACG/styles/images/banner2.jpg HTTP/1.1" 304 0 
0:0:0:0:0:0:0:1 - - [16/八月/2017:20:18:44 +0800] "GET /gudagudaACG/styles/images/banner4.jpg HTTP/1.1" 304 0 
0:0:0:0:0:0:0:1 - - [16/八月/2017:20:18:44 +0800] "GET /gudagudaACG/styles/images/girl.png HTTP/1.1" 304 0 
0:0:0:0:0:0:0:1 - - [16/八月/2017:20:18:44 +0800] "GET /gudagudaACG/styles/images/banner3.jpg HTTP/1.1" 304 0 
0:0:0:0:0:0:0:1 - - [16/八月/2017:20:18:44 +0800] "GET /gudagudaACG/styles/images/newsbg.png HTTP/1.1" 304 0 
0:0:0:0:0:0:0:1 - - [16/八月/2017:20:18:44 +0800] "GET /gudagudaACG/styles/images/banner6.jpg HTTP/1.1" 304 0 
0:0:0:0:0:0:0:1 - - [16/八月/2017:20:18:44 +0800] "GET /gudagudaACG/styles/images/banner5.jpg HTTP/1.1" 304 0 
0:0:0:0:0:0:0:1 - - [16/八月/2017:20:18:44 +0800] "GET /gudagudaACG/styles/images/body.png HTTP/1.1" 304 0 
0:0:0:0:0:0:0:1 - - [16/八月/2017:20:18:44 +0800] "GET /gudagudaACG/styles/images/header.png HTTP/1.1" 304 0 
0:0:0:0:0:0:0:1 - - [16/八月/2017:20:18:44 +0800] "GET /gudagudaACG/styles/images/footer.png HTTP/1.1" 304 0 
0:0:0:0:0:0:0:1 - - [16/八月/2017:20:18:44 +0800] "GET /favicon.ico HTTP/1.1" 200 1150 
